[2021-06-09 22:08:18 +0000] [18550] [INFO] Starting gunicorn 19.9.0
[2021-06-09 22:08:18 +0000] [18550] [INFO] Listening at: unix:/run/pilaru.sock (18550)
[2021-06-09 22:08:18 +0000] [18550] [INFO] Using worker: gevent
[2021-06-09 22:08:18 +0000] [18562] [INFO] Booting worker with pid: 18562
[2021-06-09 22:08:18 +0000] [18563] [INFO] Booting worker with pid: 18563
[2021-06-09 22:08:18 +0000] [18565] [INFO] Booting worker with pid: 18565
[2021-06-09 22:08:18 +0000] [18562] [ERROR] Exception in worker process
Traceback (most recent call last):
  File "/home/babushka/tgbotsvenv/lib/python3.6/site-packages/gunicorn/arbiter.py", line 583, in spawn_worker
    worker.init_process()
  File "/home/babushka/tgbotsvenv/lib/python3.6/site-packages/gunicorn/workers/ggevent.py", line 203, in init_process
    super(GeventWorker, self).init_process()
  File "/home/babushka/tgbotsvenv/lib/python3.6/site-packages/gunicorn/workers/base.py", line 129, in init_process
    self.load_wsgi()
  File "/home/babushka/tgbotsvenv/lib/python3.6/site-packages/gunicorn/workers/base.py", line 138, in load_wsgi
    self.wsgi = self.app.wsgi()
  File "/home/babushka/tgbotsvenv/lib/python3.6/site-packages/gunicorn/app/base.py", line 67, in wsgi
    self.callable = self.load()
  File "/home/babushka/tgbotsvenv/lib/python3.6/site-packages/gunicorn/app/wsgiapp.py", line 52, in load
    return self.load_wsgiapp()
  File "/home/babushka/tgbotsvenv/lib/python3.6/site-packages/gunicorn/app/wsgiapp.py", line 41, in load_wsgiapp
    return util.import_app(self.app_uri)
  File "/home/babushka/tgbotsvenv/lib/python3.6/site-packages/gunicorn/util.py", line 350, in import_app
    __import__(module)
ModuleNotFoundError: No module named 'pilaru'
[2021-06-09 22:08:18 +0000] [18562] [INFO] Worker exiting (pid: 18562)
[2021-06-09 22:08:18 +0000] [18563] [ERROR] Exception in worker process
Traceback (most recent call last):
  File "/home/babushka/tgbotsvenv/lib/python3.6/site-packages/gunicorn/arbiter.py", line 583, in spawn_worker
    worker.init_process()
  File "/home/babushka/tgbotsvenv/lib/python3.6/site-packages/gunicorn/workers/ggevent.py", line 203, in init_process
    super(GeventWorker, self).init_process()
  File "/home/babushka/tgbotsvenv/lib/python3.6/site-packages/gunicorn/workers/base.py", line 129, in init_process
    self.load_wsgi()
  File "/home/babushka/tgbotsvenv/lib/python3.6/site-packages/gunicorn/workers/base.py", line 138, in load_wsgi
    self.wsgi = self.app.wsgi()
  File "/home/babushka/tgbotsvenv/lib/python3.6/site-packages/gunicorn/app/base.py", line 67, in wsgi
    self.callable = self.load()
  File "/home/babushka/tgbotsvenv/lib/python3.6/site-packages/gunicorn/app/wsgiapp.py", line 52, in load
    return self.load_wsgiapp()
  File "/home/babushka/tgbotsvenv/lib/python3.6/site-packages/gunicorn/app/wsgiapp.py", line 41, in load_wsgiapp
    return util.import_app(self.app_uri)
  File "/home/babushka/tgbotsvenv/lib/python3.6/site-packages/gunicorn/util.py", line 350, in import_app
    __import__(module)
ModuleNotFoundError: No module named 'pilaru'
[2021-06-09 22:08:18 +0000] [18563] [INFO] Worker exiting (pid: 18563)
[2021-06-09 22:08:18 +0000] [18565] [ERROR] Exception in worker process
Traceback (most recent call last):
  File "/home/babushka/tgbotsvenv/lib/python3.6/site-packages/gunicorn/arbiter.py", line 583, in spawn_worker
    worker.init_process()
  File "/home/babushka/tgbotsvenv/lib/python3.6/site-packages/gunicorn/workers/ggevent.py", line 203, in init_process
    super(GeventWorker, self).init_process()
  File "/home/babushka/tgbotsvenv/lib/python3.6/site-packages/gunicorn/workers/base.py", line 129, in init_process
    self.load_wsgi()
  File "/home/babushka/tgbotsvenv/lib/python3.6/site-packages/gunicorn/workers/base.py", line 138, in load_wsgi
    self.wsgi = self.app.wsgi()
  File "/home/babushka/tgbotsvenv/lib/python3.6/site-packages/gunicorn/app/base.py", line 67, in wsgi
    self.callable = self.load()
  File "/home/babushka/tgbotsvenv/lib/python3.6/site-packages/gunicorn/app/wsgiapp.py", line 52, in load
    return self.load_wsgiapp()
  File "/home/babushka/tgbotsvenv/lib/python3.6/site-packages/gunicorn/app/wsgiapp.py", line 41, in load_wsgiapp
    return util.import_app(self.app_uri)
  File "/home/babushka/tgbotsvenv/lib/python3.6/site-packages/gunicorn/util.py", line 350, in import_app
    __import__(module)
ModuleNotFoundError: No module named 'pilaru'
[2021-06-09 22:08:18 +0000] [18565] [INFO] Worker exiting (pid: 18565)
[2021-06-09 22:08:19 +0000] [18550] [INFO] Shutting down: Master
[2021-06-09 22:08:19 +0000] [18550] [INFO] Reason: Worker failed to boot.
[2021-06-09 22:08:19 +0000] [18572] [INFO] Starting gunicorn 19.9.0
[2021-06-09 22:08:19 +0000] [18572] [INFO] Listening at: unix:/run/pilaru.sock (18572)
[2021-06-09 22:08:19 +0000] [18572] [INFO] Using worker: gevent
[2021-06-09 22:08:19 +0000] [18577] [INFO] Booting worker with pid: 18577
[2021-06-09 22:08:19 +0000] [18578] [INFO] Booting worker with pid: 18578
[2021-06-09 22:08:19 +0000] [18577] [ERROR] Exception in worker process
Traceback (most recent call last):
  File "/home/babushka/tgbotsvenv/lib/python3.6/site-packages/gunicorn/arbiter.py", line 583, in spawn_worker
    worker.init_process()
  File "/home/babushka/tgbotsvenv/lib/python3.6/site-packages/gunicorn/workers/ggevent.py", line 203, in init_process
    super(GeventWorker, self).init_process()
  File "/home/babushka/tgbotsvenv/lib/python3.6/site-packages/gunicorn/workers/base.py", line 129, in init_process
    self.load_wsgi()
  File "/home/babushka/tgbotsvenv/lib/python3.6/site-packages/gunicorn/workers/base.py", line 138, in load_wsgi
    self.wsgi = self.app.wsgi()
  File "/home/babushka/tgbotsvenv/lib/python3.6/site-packages/gunicorn/app/base.py", line 67, in wsgi
    self.callable = self.load()
  File "/home/babushka/tgbotsvenv/lib/python3.6/site-packages/gunicorn/app/wsgiapp.py", line 52, in load
    return self.load_wsgiapp()
  File "/home/babushka/tgbotsvenv/lib/python3.6/site-packages/gunicorn/app/wsgiapp.py", line 41, in load_wsgiapp
    return util.import_app(self.app_uri)
  File "/home/babushka/tgbotsvenv/lib/python3.6/site-packages/gunicorn/util.py", line 350, in import_app
    __import__(module)
ModuleNotFoundError: No module named 'pilaru'
[2021-06-09 22:08:19 +0000] [18577] [INFO] Worker exiting (pid: 18577)
[2021-06-09 22:08:19 +0000] [18579] [INFO] Booting worker with pid: 18579
[2021-06-09 22:08:20 +0000] [18578] [ERROR] Exception in worker process
Traceback (most recent call last):
  File "/home/babushka/tgbotsvenv/lib/python3.6/site-packages/gunicorn/arbiter.py", line 583, in spawn_worker
    worker.init_process()
  File "/home/babushka/tgbotsvenv/lib/python3.6/site-packages/gunicorn/workers/ggevent.py", line 203, in init_process
    super(GeventWorker, self).init_process()
  File "/home/babushka/tgbotsvenv/lib/python3.6/site-packages/gunicorn/workers/base.py", line 129, in init_process
    self.load_wsgi()
  File "/home/babushka/tgbotsvenv/lib/python3.6/site-packages/gunicorn/workers/base.py", line 138, in load_wsgi
    self.wsgi = self.app.wsgi()
  File "/home/babushka/tgbotsvenv/lib/python3.6/site-packages/gunicorn/app/base.py", line 67, in wsgi
    self.callable = self.load()
  File "/home/babushka/tgbotsvenv/lib/python3.6/site-packages/gunicorn/app/wsgiapp.py", line 52, in load
    return self.load_wsgiapp()
  File "/home/babushka/tgbotsvenv/lib/python3.6/site-packages/gunicorn/app/wsgiapp.py", line 41, in load_wsgiapp
    return util.import_app(self.app_uri)
  File "/home/babushka/tgbotsvenv/lib/python3.6/site-packages/gunicorn/util.py", line 350, in import_app
    __import__(module)
ModuleNotFoundError: No module named 'pilaru'
[2021-06-09 22:08:20 +0000] [18578] [INFO] Worker exiting (pid: 18578)
[2021-06-09 22:08:20 +0000] [18579] [ERROR] Exception in worker process
Traceback (most recent call last):
  File "/home/babushka/tgbotsvenv/lib/python3.6/site-packages/gunicorn/arbiter.py", line 583, in spawn_worker
    worker.init_process()
  File "/home/babushka/tgbotsvenv/lib/python3.6/site-packages/gunicorn/workers/ggevent.py", line 203, in init_process
    super(GeventWorker, self).init_process()
  File "/home/babushka/tgbotsvenv/lib/python3.6/site-packages/gunicorn/workers/base.py", line 129, in init_process
    self.load_wsgi()
  File "/home/babushka/tgbotsvenv/lib/python3.6/site-packages/gunicorn/workers/base.py", line 138, in load_wsgi
    self.wsgi = self.app.wsgi()
  File "/home/babushka/tgbotsvenv/lib/python3.6/site-packages/gunicorn/app/base.py", line 67, in wsgi
    self.callable = self.load()
  File "/home/babushka/tgbotsvenv/lib/python3.6/site-packages/gunicorn/app/wsgiapp.py", line 52, in load
    return self.load_wsgiapp()
  File "/home/babushka/tgbotsvenv/lib/python3.6/site-packages/gunicorn/app/wsgiapp.py", line 41, in load_wsgiapp
    return util.import_app(self.app_uri)
  File "/home/babushka/tgbotsvenv/lib/python3.6/site-packages/gunicorn/util.py", line 350, in import_app
    __import__(module)
ModuleNotFoundError: No module named 'pilaru'
[2021-06-09 22:08:20 +0000] [18579] [INFO] Worker exiting (pid: 18579)
Traceback (most recent call last):
  File "/home/babushka/tgbotsvenv/lib/python3.6/site-packages/gunicorn/arbiter.py", line 210, in run
    self.sleep()
  File "/home/babushka/tgbotsvenv/lib/python3.6/site-packages/gunicorn/arbiter.py", line 360, in sleep
    ready = select.select([self.PIPE[0]], [], [], 1.0)
  File "/home/babushka/tgbotsvenv/lib/python3.6/site-packages/gunicorn/arbiter.py", line 245, in handle_chld
    self.reap_workers()
  File "/home/babushka/tgbotsvenv/lib/python3.6/site-packages/gunicorn/arbiter.py", line 525, in reap_workers
    raise HaltServer(reason, self.WORKER_BOOT_ERROR)
gunicorn.errors.HaltServer: <HaltServer 'Worker failed to boot.' 3>

During handling of the above exception, another exception occurred:

Traceback (most recent call last):
  File "/home/babushka/tgbotsvenv/bin/gunicorn", line 10, in <module>
    sys.exit(run())
  File "/home/babushka/tgbotsvenv/lib/python3.6/site-packages/gunicorn/app/wsgiapp.py", line 61, in run
    WSGIApplication("%(prog)s [OPTIONS] [APP_MODULE]").run()
  File "/home/babushka/tgbotsvenv/lib/python3.6/site-packages/gunicorn/app/base.py", line 223, in run
    super(Application, self).run()
  File "/home/babushka/tgbotsvenv/lib/python3.6/site-packages/gunicorn/app/base.py", line 72, in run
    Arbiter(self).run()
  File "/home/babushka/tgbotsvenv/lib/python3.6/site-packages/gunicorn/arbiter.py", line 232, in run
    self.halt(reason=inst.reason, exit_status=inst.exit_status)
  File "/home/babushka/tgbotsvenv/lib/python3.6/site-packages/gunicorn/arbiter.py", line 345, in halt
    self.stop()
  File "/home/babushka/tgbotsvenv/lib/python3.6/site-packages/gunicorn/arbiter.py", line 393, in stop
    time.sleep(0.1)
  File "/home/babushka/tgbotsvenv/lib/python3.6/site-packages/gunicorn/arbiter.py", line 245, in handle_chld
    self.reap_workers()
  File "/home/babushka/tgbotsvenv/lib/python3.6/site-packages/gunicorn/arbiter.py", line 525, in reap_workers
    raise HaltServer(reason, self.WORKER_BOOT_ERROR)
gunicorn.errors.HaltServer: <HaltServer 'Worker failed to boot.' 3>
[2021-06-09 22:08:21 +0000] [18580] [INFO] Starting gunicorn 19.9.0
[2021-06-09 22:08:21 +0000] [18580] [INFO] Listening at: unix:/run/pilaru.sock (18580)
[2021-06-09 22:08:21 +0000] [18580] [INFO] Using worker: gevent
[2021-06-09 22:08:21 +0000] [18583] [INFO] Booting worker with pid: 18583
[2021-06-09 22:08:21 +0000] [18584] [INFO] Booting worker with pid: 18584
[2021-06-09 22:08:21 +0000] [18583] [ERROR] Exception in worker process
Traceback (most recent call last):
  File "/home/babushka/tgbotsvenv/lib/python3.6/site-packages/gunicorn/arbiter.py", line 583, in spawn_worker
    worker.init_process()
  File "/home/babushka/tgbotsvenv/lib/python3.6/site-packages/gunicorn/workers/ggevent.py", line 203, in init_process
    super(GeventWorker, self).init_process()
  File "/home/babushka/tgbotsvenv/lib/python3.6/site-packages/gunicorn/workers/base.py", line 129, in init_process
    self.load_wsgi()
  File "/home/babushka/tgbotsvenv/lib/python3.6/site-packages/gunicorn/workers/base.py", line 138, in load_wsgi
    self.wsgi = self.app.wsgi()
  File "/home/babushka/tgbotsvenv/lib/python3.6/site-packages/gunicorn/app/base.py", line 67, in wsgi
    self.callable = self.load()
  File "/home/babushka/tgbotsvenv/lib/python3.6/site-packages/gunicorn/app/wsgiapp.py", line 52, in load
    return self.load_wsgiapp()
  File "/home/babushka/tgbotsvenv/lib/python3.6/site-packages/gunicorn/app/wsgiapp.py", line 41, in load_wsgiapp
    return util.import_app(self.app_uri)
  File "/home/babushka/tgbotsvenv/lib/python3.6/site-packages/gunicorn/util.py", line 350, in import_app
    __import__(module)
ModuleNotFoundError: No module named 'pilaru'
[2021-06-09 22:08:21 +0000] [18583] [INFO] Worker exiting (pid: 18583)
[2021-06-09 22:08:21 +0000] [18584] [ERROR] Exception in worker process
Traceback (most recent call last):
  File "/home/babushka/tgbotsvenv/lib/python3.6/site-packages/gunicorn/arbiter.py", line 583, in spawn_worker
    worker.init_process()
  File "/home/babushka/tgbotsvenv/lib/python3.6/site-packages/gunicorn/workers/ggevent.py", line 203, in init_process
    super(GeventWorker, self).init_process()
  File "/home/babushka/tgbotsvenv/lib/python3.6/site-packages/gunicorn/workers/base.py", line 129, in init_process
    self.load_wsgi()
  File "/home/babushka/tgbotsvenv/lib/python3.6/site-packages/gunicorn/workers/base.py", line 138, in load_wsgi
    self.wsgi = self.app.wsgi()
  File "/home/babushka/tgbotsvenv/lib/python3.6/site-packages/gunicorn/app/base.py", line 67, in wsgi
    self.callable = self.load()
  File "/home/babushka/tgbotsvenv/lib/python3.6/site-packages/gunicorn/app/wsgiapp.py", line 52, in load
    return self.load_wsgiapp()
  File "/home/babushka/tgbotsvenv/lib/python3.6/site-packages/gunicorn/app/wsgiapp.py", line 41, in load_wsgiapp
    return util.import_app(self.app_uri)
  File "/home/babushka/tgbotsvenv/lib/python3.6/site-packages/gunicorn/util.py", line 350, in import_app
    __import__(module)
ModuleNotFoundError: No module named 'pilaru'
[2021-06-09 22:08:21 +0000] [18584] [INFO] Worker exiting (pid: 18584)
Traceback (most recent call last):
  File "/home/babushka/tgbotsvenv/lib/python3.6/site-packages/gunicorn/arbiter.py", line 203, in run
    self.manage_workers()
  File "/home/babushka/tgbotsvenv/lib/python3.6/site-packages/gunicorn/arbiter.py", line 545, in manage_workers
    self.spawn_workers()
  File "/home/babushka/tgbotsvenv/lib/python3.6/site-packages/gunicorn/arbiter.py", line 617, in spawn_workers
    time.sleep(0.1 * random.random())
  File "/home/babushka/tgbotsvenv/lib/python3.6/site-packages/gunicorn/arbiter.py", line 245, in handle_chld
    self.reap_workers()
  File "/home/babushka/tgbotsvenv/lib/python3.6/site-packages/gunicorn/arbiter.py", line 525, in reap_workers
    raise HaltServer(reason, self.WORKER_BOOT_ERROR)
gunicorn.errors.HaltServer: <HaltServer 'Worker failed to boot.' 3>

During handling of the above exception, another exception occurred:

Traceback (most recent call last):
  File "/home/babushka/tgbotsvenv/bin/gunicorn", line 10, in <module>
    sys.exit(run())
  File "/home/babushka/tgbotsvenv/lib/python3.6/site-packages/gunicorn/app/wsgiapp.py", line 61, in run
    WSGIApplication("%(prog)s [OPTIONS] [APP_MODULE]").run()
  File "/home/babushka/tgbotsvenv/lib/python3.6/site-packages/gunicorn/app/base.py", line 223, in run
    super(Application, self).run()
  File "/home/babushka/tgbotsvenv/lib/python3.6/site-packages/gunicorn/app/base.py", line 72, in run
    Arbiter(self).run()
  File "/home/babushka/tgbotsvenv/lib/python3.6/site-packages/gunicorn/arbiter.py", line 232, in run
    self.halt(reason=inst.reason, exit_status=inst.exit_status)
  File "/home/babushka/tgbotsvenv/lib/python3.6/site-packages/gunicorn/arbiter.py", line 345, in halt
    self.stop()
  File "/home/babushka/tgbotsvenv/lib/python3.6/site-packages/gunicorn/arbiter.py", line 393, in stop
    time.sleep(0.1)
  File "/home/babushka/tgbotsvenv/lib/python3.6/site-packages/gunicorn/arbiter.py", line 245, in handle_chld
    self.reap_workers()
  File "/home/babushka/tgbotsvenv/lib/python3.6/site-packages/gunicorn/arbiter.py", line 525, in reap_workers
    raise HaltServer(reason, self.WORKER_BOOT_ERROR)
gunicorn.errors.HaltServer: <HaltServer 'Worker failed to boot.' 3>
[2021-06-09 22:08:24 +0000] [18587] [INFO] Starting gunicorn 19.9.0
[2021-06-09 22:08:24 +0000] [18587] [INFO] Listening at: unix:/run/pilaru.sock (18587)
[2021-06-09 22:08:24 +0000] [18587] [INFO] Using worker: gevent
[2021-06-09 22:08:24 +0000] [18590] [INFO] Booting worker with pid: 18590
[2021-06-09 22:08:24 +0000] [18591] [INFO] Booting worker with pid: 18591
[2021-06-09 22:08:24 +0000] [18590] [ERROR] Exception in worker process
Traceback (most recent call last):
  File "/home/babushka/tgbotsvenv/lib/python3.6/site-packages/gunicorn/arbiter.py", line 583, in spawn_worker
    worker.init_process()
  File "/home/babushka/tgbotsvenv/lib/python3.6/site-packages/gunicorn/workers/ggevent.py", line 203, in init_process
    super(GeventWorker, self).init_process()
  File "/home/babushka/tgbotsvenv/lib/python3.6/site-packages/gunicorn/workers/base.py", line 129, in init_process
    self.load_wsgi()
  File "/home/babushka/tgbotsvenv/lib/python3.6/site-packages/gunicorn/workers/base.py", line 138, in load_wsgi
    self.wsgi = self.app.wsgi()
  File "/home/babushka/tgbotsvenv/lib/python3.6/site-packages/gunicorn/app/base.py", line 67, in wsgi
    self.callable = self.load()
  File "/home/babushka/tgbotsvenv/lib/python3.6/site-packages/gunicorn/app/wsgiapp.py", line 52, in load
    return self.load_wsgiapp()
  File "/home/babushka/tgbotsvenv/lib/python3.6/site-packages/gunicorn/app/wsgiapp.py", line 41, in load_wsgiapp
    return util.import_app(self.app_uri)
  File "/home/babushka/tgbotsvenv/lib/python3.6/site-packages/gunicorn/util.py", line 350, in import_app
    __import__(module)
ModuleNotFoundError: No module named 'pilaru'
[2021-06-09 22:08:24 +0000] [18590] [INFO] Worker exiting (pid: 18590)
[2021-06-09 22:08:24 +0000] [18591] [ERROR] Exception in worker process
Traceback (most recent call last):
  File "/home/babushka/tgbotsvenv/lib/python3.6/site-packages/gunicorn/arbiter.py", line 583, in spawn_worker
    worker.init_process()
  File "/home/babushka/tgbotsvenv/lib/python3.6/site-packages/gunicorn/workers/ggevent.py", line 203, in init_process
    super(GeventWorker, self).init_process()
  File "/home/babushka/tgbotsvenv/lib/python3.6/site-packages/gunicorn/workers/base.py", line 129, in init_process
    self.load_wsgi()
  File "/home/babushka/tgbotsvenv/lib/python3.6/site-packages/gunicorn/workers/base.py", line 138, in load_wsgi
    self.wsgi = self.app.wsgi()
  File "/home/babushka/tgbotsvenv/lib/python3.6/site-packages/gunicorn/app/base.py", line 67, in wsgi
    self.callable = self.load()
  File "/home/babushka/tgbotsvenv/lib/python3.6/site-packages/gunicorn/app/wsgiapp.py", line 52, in load
    return self.load_wsgiapp()
  File "/home/babushka/tgbotsvenv/lib/python3.6/site-packages/gunicorn/app/wsgiapp.py", line 41, in load_wsgiapp
    return util.import_app(self.app_uri)
  File "/home/babushka/tgbotsvenv/lib/python3.6/site-packages/gunicorn/util.py", line 350, in import_app
    __import__(module)
ModuleNotFoundError: No module named 'pilaru'
[2021-06-09 22:08:24 +0000] [18591] [INFO] Worker exiting (pid: 18591)
Traceback (most recent call last):
  File "/home/babushka/tgbotsvenv/lib/python3.6/site-packages/gunicorn/arbiter.py", line 203, in run
    self.manage_workers()
  File "/home/babushka/tgbotsvenv/lib/python3.6/site-packages/gunicorn/arbiter.py", line 545, in manage_workers
    self.spawn_workers()
  File "/home/babushka/tgbotsvenv/lib/python3.6/site-packages/gunicorn/arbiter.py", line 617, in spawn_workers
    time.sleep(0.1 * random.random())
  File "/home/babushka/tgbotsvenv/lib/python3.6/site-packages/gunicorn/arbiter.py", line 245, in handle_chld
    self.reap_workers()
  File "/home/babushka/tgbotsvenv/lib/python3.6/site-packages/gunicorn/arbiter.py", line 525, in reap_workers
    raise HaltServer(reason, self.WORKER_BOOT_ERROR)
gunicorn.errors.HaltServer: <HaltServer 'Worker failed to boot.' 3>

During handling of the above exception, another exception occurred:

Traceback (most recent call last):
  File "/home/babushka/tgbotsvenv/bin/gunicorn", line 10, in <module>
    sys.exit(run())
  File "/home/babushka/tgbotsvenv/lib/python3.6/site-packages/gunicorn/app/wsgiapp.py", line 61, in run
    WSGIApplication("%(prog)s [OPTIONS] [APP_MODULE]").run()
  File "/home/babushka/tgbotsvenv/lib/python3.6/site-packages/gunicorn/app/base.py", line 223, in run
    super(Application, self).run()
  File "/home/babushka/tgbotsvenv/lib/python3.6/site-packages/gunicorn/app/base.py", line 72, in run
    Arbiter(self).run()
  File "/home/babushka/tgbotsvenv/lib/python3.6/site-packages/gunicorn/arbiter.py", line 232, in run
    self.halt(reason=inst.reason, exit_status=inst.exit_status)
  File "/home/babushka/tgbotsvenv/lib/python3.6/site-packages/gunicorn/arbiter.py", line 345, in halt
    self.stop()
  File "/home/babushka/tgbotsvenv/lib/python3.6/site-packages/gunicorn/arbiter.py", line 393, in stop
    time.sleep(0.1)
  File "/home/babushka/tgbotsvenv/lib/python3.6/site-packages/gunicorn/arbiter.py", line 245, in handle_chld
    self.reap_workers()
  File "/home/babushka/tgbotsvenv/lib/python3.6/site-packages/gunicorn/arbiter.py", line 525, in reap_workers
    raise HaltServer(reason, self.WORKER_BOOT_ERROR)
gunicorn.errors.HaltServer: <HaltServer 'Worker failed to boot.' 3>
[2021-06-09 22:08:27 +0000] [18593] [INFO] Starting gunicorn 19.9.0
[2021-06-09 22:08:27 +0000] [18593] [INFO] Listening at: unix:/run/pilaru.sock (18593)
[2021-06-09 22:08:27 +0000] [18593] [INFO] Using worker: gevent
[2021-06-09 22:08:27 +0000] [18596] [INFO] Booting worker with pid: 18596
[2021-06-09 22:08:27 +0000] [18597] [INFO] Booting worker with pid: 18597
[2021-06-09 22:08:27 +0000] [18596] [ERROR] Exception in worker process
Traceback (most recent call last):
  File "/home/babushka/tgbotsvenv/lib/python3.6/site-packages/gunicorn/arbiter.py", line 583, in spawn_worker
    worker.init_process()
  File "/home/babushka/tgbotsvenv/lib/python3.6/site-packages/gunicorn/workers/ggevent.py", line 203, in init_process
    super(GeventWorker, self).init_process()
  File "/home/babushka/tgbotsvenv/lib/python3.6/site-packages/gunicorn/workers/base.py", line 129, in init_process
    self.load_wsgi()
  File "/home/babushka/tgbotsvenv/lib/python3.6/site-packages/gunicorn/workers/base.py", line 138, in load_wsgi
    self.wsgi = self.app.wsgi()
  File "/home/babushka/tgbotsvenv/lib/python3.6/site-packages/gunicorn/app/base.py", line 67, in wsgi
    self.callable = self.load()
  File "/home/babushka/tgbotsvenv/lib/python3.6/site-packages/gunicorn/app/wsgiapp.py", line 52, in load
    return self.load_wsgiapp()
  File "/home/babushka/tgbotsvenv/lib/python3.6/site-packages/gunicorn/app/wsgiapp.py", line 41, in load_wsgiapp
    return util.import_app(self.app_uri)
  File "/home/babushka/tgbotsvenv/lib/python3.6/site-packages/gunicorn/util.py", line 350, in import_app
    __import__(module)
ModuleNotFoundError: No module named 'pilaru'
[2021-06-09 22:08:27 +0000] [18596] [INFO] Worker exiting (pid: 18596)
[2021-06-09 22:08:27 +0000] [18597] [ERROR] Exception in worker process
Traceback (most recent call last):
  File "/home/babushka/tgbotsvenv/lib/python3.6/site-packages/gunicorn/arbiter.py", line 583, in spawn_worker
    worker.init_process()
  File "/home/babushka/tgbotsvenv/lib/python3.6/site-packages/gunicorn/workers/ggevent.py", line 203, in init_process
    super(GeventWorker, self).init_process()
  File "/home/babushka/tgbotsvenv/lib/python3.6/site-packages/gunicorn/workers/base.py", line 129, in init_process
    self.load_wsgi()
  File "/home/babushka/tgbotsvenv/lib/python3.6/site-packages/gunicorn/workers/base.py", line 138, in load_wsgi
    self.wsgi = self.app.wsgi()
  File "/home/babushka/tgbotsvenv/lib/python3.6/site-packages/gunicorn/app/base.py", line 67, in wsgi
    self.callable = self.load()
  File "/home/babushka/tgbotsvenv/lib/python3.6/site-packages/gunicorn/app/wsgiapp.py", line 52, in load
    return self.load_wsgiapp()
  File "/home/babushka/tgbotsvenv/lib/python3.6/site-packages/gunicorn/app/wsgiapp.py", line 41, in load_wsgiapp
    return util.import_app(self.app_uri)
  File "/home/babushka/tgbotsvenv/lib/python3.6/site-packages/gunicorn/util.py", line 350, in import_app
    __import__(module)
ModuleNotFoundError: No module named 'pilaru'
[2021-06-09 22:08:27 +0000] [18597] [INFO] Worker exiting (pid: 18597)
[2021-06-09 22:08:27 +0000] [18600] [INFO] Booting worker with pid: 18600
[2021-06-09 22:08:27 +0000] [18600] [ERROR] Exception in worker process
Traceback (most recent call last):
  File "/home/babushka/tgbotsvenv/lib/python3.6/site-packages/gunicorn/arbiter.py", line 583, in spawn_worker
    worker.init_process()
  File "/home/babushka/tgbotsvenv/lib/python3.6/site-packages/gunicorn/workers/ggevent.py", line 203, in init_process
    super(GeventWorker, self).init_process()
  File "/home/babushka/tgbotsvenv/lib/python3.6/site-packages/gunicorn/workers/base.py", line 129, in init_process
    self.load_wsgi()
  File "/home/babushka/tgbotsvenv/lib/python3.6/site-packages/gunicorn/workers/base.py", line 138, in load_wsgi
    self.wsgi = self.app.wsgi()
  File "/home/babushka/tgbotsvenv/lib/python3.6/site-packages/gunicorn/app/base.py", line 67, in wsgi
    self.callable = self.load()
  File "/home/babushka/tgbotsvenv/lib/python3.6/site-packages/gunicorn/app/wsgiapp.py", line 52, in load
    return self.load_wsgiapp()
  File "/home/babushka/tgbotsvenv/lib/python3.6/site-packages/gunicorn/app/wsgiapp.py", line 41, in load_wsgiapp
    return util.import_app(self.app_uri)
  File "/home/babushka/tgbotsvenv/lib/python3.6/site-packages/gunicorn/util.py", line 350, in import_app
    __import__(module)
ModuleNotFoundError: No module named 'pilaru'
[2021-06-09 22:08:27 +0000] [18600] [INFO] Worker exiting (pid: 18600)
Traceback (most recent call last):
  File "/home/babushka/tgbotsvenv/lib/python3.6/site-packages/gunicorn/arbiter.py", line 210, in run
    self.sleep()
  File "/home/babushka/tgbotsvenv/lib/python3.6/site-packages/gunicorn/arbiter.py", line 360, in sleep
    ready = select.select([self.PIPE[0]], [], [], 1.0)
  File "/home/babushka/tgbotsvenv/lib/python3.6/site-packages/gunicorn/arbiter.py", line 245, in handle_chld
    self.reap_workers()
  File "/home/babushka/tgbotsvenv/lib/python3.6/site-packages/gunicorn/arbiter.py", line 525, in reap_workers
    raise HaltServer(reason, self.WORKER_BOOT_ERROR)
gunicorn.errors.HaltServer: <HaltServer 'Worker failed to boot.' 3>

During handling of the above exception, another exception occurred:

Traceback (most recent call last):
  File "/home/babushka/tgbotsvenv/bin/gunicorn", line 10, in <module>
    sys.exit(run())
  File "/home/babushka/tgbotsvenv/lib/python3.6/site-packages/gunicorn/app/wsgiapp.py", line 61, in run
    WSGIApplication("%(prog)s [OPTIONS] [APP_MODULE]").run()
  File "/home/babushka/tgbotsvenv/lib/python3.6/site-packages/gunicorn/app/base.py", line 223, in run
    super(Application, self).run()
  File "/home/babushka/tgbotsvenv/lib/python3.6/site-packages/gunicorn/app/base.py", line 72, in run
    Arbiter(self).run()
  File "/home/babushka/tgbotsvenv/lib/python3.6/site-packages/gunicorn/arbiter.py", line 232, in run
    self.halt(reason=inst.reason, exit_status=inst.exit_status)
  File "/home/babushka/tgbotsvenv/lib/python3.6/site-packages/gunicorn/arbiter.py", line 345, in halt
    self.stop()
  File "/home/babushka/tgbotsvenv/lib/python3.6/site-packages/gunicorn/arbiter.py", line 393, in stop
    time.sleep(0.1)
  File "/home/babushka/tgbotsvenv/lib/python3.6/site-packages/gunicorn/arbiter.py", line 245, in handle_chld
    self.reap_workers()
  File "/home/babushka/tgbotsvenv/lib/python3.6/site-packages/gunicorn/arbiter.py", line 525, in reap_workers
    raise HaltServer(reason, self.WORKER_BOOT_ERROR)
gunicorn.errors.HaltServer: <HaltServer 'Worker failed to boot.' 3>
[2021-06-09 22:10:19 +0000] [18819] [INFO] Starting gunicorn 19.9.0
[2021-06-09 22:10:19 +0000] [18819] [INFO] Listening at: unix:/run/pilaru.sock (18819)
[2021-06-09 22:10:19 +0000] [18819] [INFO] Using worker: gevent
[2021-06-09 22:10:19 +0000] [18830] [INFO] Booting worker with pid: 18830
[2021-06-09 22:10:19 +0000] [18832] [INFO] Booting worker with pid: 18832
[2021-06-09 22:10:19 +0000] [18835] [INFO] Booting worker with pid: 18835
Not Found: /pilaru/
 - - [10/Jun/2021:01:11:07 +0300] "GET /pilaru/ HTTP/1.0" 404 2505 "-" "Mozilla/5.0 (Windows NT 10.0; WOW64) AppleWebKit/537.36 (KHTML, like Gecko) Chrome/91.0.4472.77 Safari/537.36"
[2021-06-09 22:29:08 +0000] [18819] [INFO] Handling signal: term
[2021-06-10 01:29:08 +0300] [18835] [INFO] Worker exiting (pid: 18835)
[2021-06-10 01:29:08 +0300] [18832] [INFO] Worker exiting (pid: 18832)
[2021-06-10 01:29:08 +0300] [18830] [INFO] Worker exiting (pid: 18830)
[2021-06-09 22:29:08 +0000] [18819] [INFO] Shutting down: Master
[2021-06-09 22:29:09 +0000] [19694] [INFO] Starting gunicorn 19.9.0
[2021-06-09 22:29:09 +0000] [19694] [INFO] Listening at: unix:/run/pilaru.sock (19694)
[2021-06-09 22:29:09 +0000] [19694] [INFO] Using worker: gevent
[2021-06-09 22:29:09 +0000] [19697] [INFO] Booting worker with pid: 19697
[2021-06-09 22:29:09 +0000] [19698] [INFO] Booting worker with pid: 19698
[2021-06-09 22:29:09 +0000] [19699] [INFO] Booting worker with pid: 19699
Internal Server Error: /pilaru/
Traceback (most recent call last):
  File "/home/babushka/tgbotsvenv/lib/python3.6/site-packages/django/core/handlers/exception.py", line 47, in inner
    response = get_response(request)
  File "/home/babushka/tgbotsvenv/lib/python3.6/site-packages/django/core/handlers/base.py", line 167, in _get_response
    callback, callback_args, callback_kwargs = self.resolve_request(request)
  File "/home/babushka/tgbotsvenv/lib/python3.6/site-packages/django/core/handlers/base.py", line 290, in resolve_request
    resolver_match = resolver.resolve(request.path_info)
  File "/home/babushka/tgbotsvenv/lib/python3.6/site-packages/django/urls/resolvers.py", line 545, in resolve
    for pattern in self.url_patterns:
  File "/home/babushka/tgbotsvenv/lib/python3.6/site-packages/django/utils/functional.py", line 48, in __get__
    res = instance.__dict__[self.name] = self.func(instance)
  File "/home/babushka/tgbotsvenv/lib/python3.6/site-packages/django/urls/resolvers.py", line 589, in url_patterns
    patterns = getattr(self.urlconf_module, "urlpatterns", self.urlconf_module)
  File "/home/babushka/tgbotsvenv/lib/python3.6/site-packages/django/utils/functional.py", line 48, in __get__
    res = instance.__dict__[self.name] = self.func(instance)
  File "/home/babushka/tgbotsvenv/lib/python3.6/site-packages/django/urls/resolvers.py", line 582, in urlconf_module
    return import_module(self.urlconf_name)
  File "/usr/lib/python3.6/importlib/__init__.py", line 126, in import_module
    return _bootstrap._gcd_import(name[level:], package, level)
  File "<frozen importlib._bootstrap>", line 994, in _gcd_import
  File "<frozen importlib._bootstrap>", line 971, in _find_and_load
  File "<frozen importlib._bootstrap>", line 955, in _find_and_load_unlocked
  File "<frozen importlib._bootstrap>", line 665, in _load_unlocked
  File "<frozen importlib._bootstrap_external>", line 678, in exec_module
  File "<frozen importlib._bootstrap>", line 219, in _call_with_frames_removed
  File "/home/babushka/pilaru/Pilaru/urls.py", line 13, in <module>
    path('items/', include('items.urls'))
  File "/home/babushka/tgbotsvenv/lib/python3.6/site-packages/django/urls/conf.py", line 61, in _path
    urlconf_module, app_name, namespace = view
ValueError: too many values to unpack (expected 3)
 - - [10/Jun/2021:01:29:13 +0300] "GET /pilaru/ HTTP/1.0" 500 113189 "-" "Mozilla/5.0 (Windows NT 10.0; WOW64) AppleWebKit/537.36 (KHTML, like Gecko) Chrome/91.0.4472.77 Safari/537.36"
[2021-06-09 22:30:51 +0000] [19694] [INFO] Handling signal: term
[2021-06-10 01:30:51 +0300] [19697] [INFO] Worker exiting (pid: 19697)
[2021-06-10 01:30:51 +0300] [19699] [INFO] Worker exiting (pid: 19699)
[2021-06-10 01:30:51 +0300] [19698] [INFO] Worker exiting (pid: 19698)
[2021-06-09 22:30:52 +0000] [19694] [INFO] Shutting down: Master
[2021-06-09 22:30:52 +0000] [19750] [INFO] Starting gunicorn 19.9.0
[2021-06-09 22:30:52 +0000] [19750] [INFO] Listening at: unix:/run/pilaru.sock (19750)
[2021-06-09 22:30:52 +0000] [19750] [INFO] Using worker: gevent
[2021-06-09 22:30:52 +0000] [19753] [INFO] Booting worker with pid: 19753
[2021-06-09 22:30:52 +0000] [19754] [INFO] Booting worker with pid: 19754
[2021-06-09 22:30:52 +0000] [19755] [INFO] Booting worker with pid: 19755
 - - [10/Jun/2021:01:30:54 +0300] "GET /pilaru/ HTTP/1.0" 302 0 "-" "Mozilla/5.0 (Windows NT 10.0; WOW64) AppleWebKit/537.36 (KHTML, like Gecko) Chrome/91.0.4472.77 Safari/537.36"
Internal Server Error: /pilaru/accounts/login/
Traceback (most recent call last):
  File "/home/babushka/tgbotsvenv/lib/python3.6/site-packages/django/template/base.py", line 470, in parse
    compile_func = self.tags[command]
KeyError: 'static'

During handling of the above exception, another exception occurred:

Traceback (most recent call last):
  File "/home/babushka/tgbotsvenv/lib/python3.6/site-packages/django/core/handlers/exception.py", line 47, in inner
    response = get_response(request)
  File "/home/babushka/tgbotsvenv/lib/python3.6/site-packages/django/core/handlers/base.py", line 204, in _get_response
    response = response.render()
  File "/home/babushka/tgbotsvenv/lib/python3.6/site-packages/django/template/response.py", line 105, in render
    self.content = self.rendered_content
  File "/home/babushka/tgbotsvenv/lib/python3.6/site-packages/django/template/response.py", line 81, in rendered_content
    template = self.resolve_template(self.template_name)
  File "/home/babushka/tgbotsvenv/lib/python3.6/site-packages/django/template/response.py", line 63, in resolve_template
    return select_template(template, using=self.using)
  File "/home/babushka/tgbotsvenv/lib/python3.6/site-packages/django/template/loader.py", line 42, in select_template
    return engine.get_template(template_name)
  File "/home/babushka/tgbotsvenv/lib/python3.6/site-packages/django/template/backends/django.py", line 34, in get_template
    return Template(self.engine.get_template(template_name), self)
  File "/home/babushka/tgbotsvenv/lib/python3.6/site-packages/django/template/engine.py", line 143, in get_template
    template, origin = self.find_template(template_name)
  File "/home/babushka/tgbotsvenv/lib/python3.6/site-packages/django/template/engine.py", line 125, in find_template
    template = loader.get_template(name, skip=skip)
  File "/home/babushka/tgbotsvenv/lib/python3.6/site-packages/django/template/loaders/base.py", line 30, in get_template
    contents, origin, origin.template_name, self.engine,
  File "/home/babushka/tgbotsvenv/lib/python3.6/site-packages/django/template/base.py", line 155, in __init__
    self.nodelist = self.compile_nodelist()
  File "/home/babushka/tgbotsvenv/lib/python3.6/site-packages/django/template/base.py", line 193, in compile_nodelist
    return parser.parse()
  File "/home/babushka/tgbotsvenv/lib/python3.6/site-packages/django/template/base.py", line 472, in parse
    self.invalid_block_tag(token, command, parse_until)
  File "/home/babushka/tgbotsvenv/lib/python3.6/site-packages/django/template/base.py", line 534, in invalid_block_tag
    "or load this tag?" % (token.lineno, command)
django.template.exceptions.TemplateSyntaxError: Invalid block tag on line 15: 'static'. Did you forget to register or load this tag?
 - - [10/Jun/2021:01:30:54 +0300] "GET /pilaru/accounts/login/ HTTP/1.0" 500 126451 "-" "Mozilla/5.0 (Windows NT 10.0; WOW64) AppleWebKit/537.36 (KHTML, like Gecko) Chrome/91.0.4472.77 Safari/537.36"
Internal Server Error: /pilaru/accounts/login/
Traceback (most recent call last):
  File "/home/babushka/tgbotsvenv/lib/python3.6/site-packages/django/template/defaulttags.py", line 1034, in find_library
    return parser.libraries[name]
KeyError: 'staticfiles'

During handling of the above exception, another exception occurred:

Traceback (most recent call last):
  File "/home/babushka/tgbotsvenv/lib/python3.6/site-packages/django/core/handlers/exception.py", line 47, in inner
    response = get_response(request)
  File "/home/babushka/tgbotsvenv/lib/python3.6/site-packages/django/core/handlers/base.py", line 204, in _get_response
    response = response.render()
  File "/home/babushka/tgbotsvenv/lib/python3.6/site-packages/django/template/response.py", line 105, in render
    self.content = self.rendered_content
  File "/home/babushka/tgbotsvenv/lib/python3.6/site-packages/django/template/response.py", line 81, in rendered_content
    template = self.resolve_template(self.template_name)
  File "/home/babushka/tgbotsvenv/lib/python3.6/site-packages/django/template/response.py", line 63, in resolve_template
    return select_template(template, using=self.using)
  File "/home/babushka/tgbotsvenv/lib/python3.6/site-packages/django/template/loader.py", line 42, in select_template
    return engine.get_template(template_name)
  File "/home/babushka/tgbotsvenv/lib/python3.6/site-packages/django/template/backends/django.py", line 34, in get_template
    return Template(self.engine.get_template(template_name), self)
  File "/home/babushka/tgbotsvenv/lib/python3.6/site-packages/django/template/engine.py", line 143, in get_template
    template, origin = self.find_template(template_name)
  File "/home/babushka/tgbotsvenv/lib/python3.6/site-packages/django/template/engine.py", line 125, in find_template
    template = loader.get_template(name, skip=skip)
  File "/home/babushka/tgbotsvenv/lib/python3.6/site-packages/django/template/loaders/base.py", line 30, in get_template
    contents, origin, origin.template_name, self.engine,
  File "/home/babushka/tgbotsvenv/lib/python3.6/site-packages/django/template/base.py", line 155, in __init__
    self.nodelist = self.compile_nodelist()
  File "/home/babushka/tgbotsvenv/lib/python3.6/site-packages/django/template/base.py", line 193, in compile_nodelist
    return parser.parse()
  File "/home/babushka/tgbotsvenv/lib/python3.6/site-packages/django/template/base.py", line 478, in parse
    raise self.error(token, e)
  File "/home/babushka/tgbotsvenv/lib/python3.6/site-packages/django/template/base.py", line 476, in parse
    compiled_result = compile_func(self, token)
  File "/home/babushka/tgbotsvenv/lib/python3.6/site-packages/django/template/defaulttags.py", line 1091, in load
    lib = find_library(parser, name)
  File "/home/babushka/tgbotsvenv/lib/python3.6/site-packages/django/template/defaulttags.py", line 1038, in find_library
    name, "\n".join(sorted(parser.libraries)),
django.template.exceptions.TemplateSyntaxError: 'staticfiles' is not a registered tag library. Must be one of:
admin_list
admin_modify
admin_urls
cache
i18n
l10n
log
rest_framework
static
tz
 - - [10/Jun/2021:01:31:49 +0300] "GET /pilaru/accounts/login/ HTTP/1.0" 500 133503 "-" "Mozilla/5.0 (Windows NT 10.0; WOW64) AppleWebKit/537.36 (KHTML, like Gecko) Chrome/91.0.4472.77 Safari/537.36"
 - - [10/Jun/2021:01:32:30 +0300] "GET /pilaru/accounts/login/ HTTP/1.0" 200 4247 "-" "Mozilla/5.0 (Windows NT 10.0; WOW64) AppleWebKit/537.36 (KHTML, like Gecko) Chrome/91.0.4472.77 Safari/537.36"
 - - [10/Jun/2021:01:32:41 +0300] "GET /pilaru/accounts/login/ HTTP/1.0" 200 4247 "-" "Mozilla/5.0 (Windows NT 10.0; WOW64) AppleWebKit/537.36 (KHTML, like Gecko) Chrome/91.0.4472.77 Safari/537.36"
 - - [10/Jun/2021:01:40:44 +0300] "GET /pilaru/accounts/login/ HTTP/1.0" 200 4247 "-" "Mozilla/5.0 (Windows NT 10.0; WOW64) AppleWebKit/537.36 (KHTML, like Gecko) Chrome/91.0.4472.77 Safari/537.36"
 - - [10/Jun/2021:01:40:51 +0300] "GET /pilaru/accounts/registration/ HTTP/1.0" 200 4266 "https://ssserver.cf/pilaru/accounts/login/" "Mozilla/5.0 (Windows NT 10.0; WOW64) AppleWebKit/537.36 (KHTML, like Gecko) Chrome/91.0.4472.77 Safari/537.36"
 - - [10/Jun/2021:01:41:02 +0300] "GET /pilaru/accounts/registration/ HTTP/1.0" 200 4266 "https://www.google.com/" "Mozilla/5.0 (Windows NT 10.0; Win64; x64) AppleWebKit/537.36 (KHTML, like Gecko) Chrome/90.0.4430.93 Safari/537.36"
 - - [10/Jun/2021:01:41:03 +0300] "POST /pilaru/accounts/registration/ HTTP/1.0" 302 0 "https://ssserver.cf/pilaru/accounts/registration/" "Mozilla/5.0 (Windows NT 10.0; WOW64) AppleWebKit/537.36 (KHTML, like Gecko) Chrome/91.0.4472.77 Safari/537.36"
Internal Server Error: /pilaru/items/search/
Traceback (most recent call last):
  File "/home/babushka/tgbotsvenv/lib/python3.6/site-packages/django/template/base.py", line 470, in parse
    compile_func = self.tags[command]
KeyError: 'static'

During handling of the above exception, another exception occurred:

Traceback (most recent call last):
  File "/home/babushka/tgbotsvenv/lib/python3.6/site-packages/django/core/handlers/exception.py", line 47, in inner
    response = get_response(request)
  File "/home/babushka/tgbotsvenv/lib/python3.6/site-packages/django/core/handlers/base.py", line 181, in _get_response
    response = wrapped_callback(request, *callback_args, **callback_kwargs)
  File "/home/babushka/pilaru/items/views.py", line 8, in search_view
    return render(request, "search.html", context={'items': Item.objects.all()})
  File "/home/babushka/tgbotsvenv/lib/python3.6/site-packages/django/shortcuts.py", line 19, in render
    content = loader.render_to_string(template_name, context, request, using=using)
  File "/home/babushka/tgbotsvenv/lib/python3.6/site-packages/django/template/loader.py", line 61, in render_to_string
    template = get_template(template_name, using=using)
  File "/home/babushka/tgbotsvenv/lib/python3.6/site-packages/django/template/loader.py", line 15, in get_template
    return engine.get_template(template_name)
  File "/home/babushka/tgbotsvenv/lib/python3.6/site-packages/django/template/backends/django.py", line 34, in get_template
    return Template(self.engine.get_template(template_name), self)
  File "/home/babushka/tgbotsvenv/lib/python3.6/site-packages/django/template/engine.py", line 143, in get_template
    template, origin = self.find_template(template_name)
  File "/home/babushka/tgbotsvenv/lib/python3.6/site-packages/django/template/engine.py", line 125, in find_template
    template = loader.get_template(name, skip=skip)
  File "/home/babushka/tgbotsvenv/lib/python3.6/site-packages/django/template/loaders/base.py", line 30, in get_template
    contents, origin, origin.template_name, self.engine,
  File "/home/babushka/tgbotsvenv/lib/python3.6/site-packages/django/template/base.py", line 155, in __init__
    self.nodelist = self.compile_nodelist()
  File "/home/babushka/tgbotsvenv/lib/python3.6/site-packages/django/template/base.py", line 193, in compile_nodelist
    return parser.parse()
  File "/home/babushka/tgbotsvenv/lib/python3.6/site-packages/django/template/base.py", line 478, in parse
    raise self.error(token, e)
  File "/home/babushka/tgbotsvenv/lib/python3.6/site-packages/django/template/base.py", line 476, in parse
    compiled_result = compile_func(self, token)
  File "/home/babushka/tgbotsvenv/lib/python3.6/site-packages/django/template/loader_tags.py", line 270, in do_extends
    nodelist = parser.parse()
  File "/home/babushka/tgbotsvenv/lib/python3.6/site-packages/django/template/base.py", line 478, in parse
    raise self.error(token, e)
  File "/home/babushka/tgbotsvenv/lib/python3.6/site-packages/django/template/base.py", line 476, in parse
    compiled_result = compile_func(self, token)
  File "/home/babushka/tgbotsvenv/lib/python3.6/site-packages/django/template/loader_tags.py", line 213, in do_block
    nodelist = parser.parse(('endblock',))
  File "/home/babushka/tgbotsvenv/lib/python3.6/site-packages/django/template/base.py", line 472, in parse
    self.invalid_block_tag(token, command, parse_until)
  File "/home/babushka/tgbotsvenv/lib/python3.6/site-packages/django/template/base.py", line 528, in invalid_block_tag
    get_text_list(["'%s'" % p for p in parse_until], 'or'),
django.template.exceptions.TemplateSyntaxError: Invalid block tag on line 10: 'static', expected 'endblock'. Did you forget to register or load this tag?
 - - [10/Jun/2021:01:41:03 +0300] "GET /pilaru/items/search/ HTTP/1.0" 500 152516 "https://ssserver.cf/pilaru/accounts/registration/" "Mozilla/5.0 (Windows NT 10.0; WOW64) AppleWebKit/537.36 (KHTML, like Gecko) Chrome/91.0.4472.77 Safari/537.36"
 - - [10/Jun/2021:01:42:38 +0300] "GET /pilaru/items/search/ HTTP/1.0" 200 21143 "https://ssserver.cf/pilaru/accounts/registration/" "Mozilla/5.0 (Windows NT 10.0; WOW64) AppleWebKit/537.36 (KHTML, like Gecko) Chrome/91.0.4472.77 Safari/537.36"
 - - [10/Jun/2021:01:42:52 +0300] "GET /pilaru/items/search/ HTTP/1.0" 200 37236 "https://ssserver.cf/pilaru/accounts/registration/" "Mozilla/5.0 (Windows NT 10.0; WOW64) AppleWebKit/537.36 (KHTML, like Gecko) Chrome/91.0.4472.77 Safari/537.36"
 - - [10/Jun/2021:01:43:11 +0300] "GET /pilaru/accounts/logout/ HTTP/1.0" 302 0 "https://ssserver.cf/pilaru/items/search/" "Mozilla/5.0 (Windows NT 10.0; WOW64) AppleWebKit/537.36 (KHTML, like Gecko) Chrome/91.0.4472.77 Safari/537.36"
 - - [10/Jun/2021:01:43:11 +0300] "GET /pilaru/ HTTP/1.0" 302 0 "https://ssserver.cf/pilaru/items/search/" "Mozilla/5.0 (Windows NT 10.0; WOW64) AppleWebKit/537.36 (KHTML, like Gecko) Chrome/91.0.4472.77 Safari/537.36"
 - - [10/Jun/2021:01:43:11 +0300] "GET /pilaru/accounts/login/ HTTP/1.0" 200 4247 "https://ssserver.cf/pilaru/items/search/" "Mozilla/5.0 (Windows NT 10.0; WOW64) AppleWebKit/537.36 (KHTML, like Gecko) Chrome/91.0.4472.77 Safari/537.36"
 - - [10/Jun/2021:01:43:19 +0300] "POST /pilaru/accounts/login/ HTTP/1.0" 302 0 "https://ssserver.cf/pilaru/accounts/login/" "Mozilla/5.0 (Windows NT 10.0; WOW64) AppleWebKit/537.36 (KHTML, like Gecko) Chrome/91.0.4472.77 Safari/537.36"
 - - [10/Jun/2021:01:43:20 +0300] "GET /pilaru/items/search/ HTTP/1.0" 200 37236 "https://ssserver.cf/pilaru/accounts/login/" "Mozilla/5.0 (Windows NT 10.0; WOW64) AppleWebKit/537.36 (KHTML, like Gecko) Chrome/91.0.4472.77 Safari/537.36"
 - - [10/Jun/2021:01:43:28 +0300] "GET /pilaru/accounts/logout/ HTTP/1.0" 302 0 "https://ssserver.cf/pilaru/items/search/" "Mozilla/5.0 (Windows NT 10.0; WOW64) AppleWebKit/537.36 (KHTML, like Gecko) Chrome/91.0.4472.77 Safari/537.36"
 - - [10/Jun/2021:01:43:28 +0300] "GET /pilaru/ HTTP/1.0" 302 0 "https://ssserver.cf/pilaru/items/search/" "Mozilla/5.0 (Windows NT 10.0; WOW64) AppleWebKit/537.36 (KHTML, like Gecko) Chrome/91.0.4472.77 Safari/537.36"
 - - [10/Jun/2021:01:43:28 +0300] "GET /pilaru/accounts/login/ HTTP/1.0" 200 4247 "https://ssserver.cf/pilaru/items/search/" "Mozilla/5.0 (Windows NT 10.0; WOW64) AppleWebKit/537.36 (KHTML, like Gecko) Chrome/91.0.4472.77 Safari/537.36"
 - - [10/Jun/2021:01:43:30 +0300] "GET /pilaru/ HTTP/1.0" 302 0 "-" "Mozilla/5.0 (Windows NT 10.0; WOW64) AppleWebKit/537.36 (KHTML, like Gecko) Chrome/91.0.4472.77 Safari/537.36"
 - - [10/Jun/2021:01:43:30 +0300] "GET /pilaru/accounts/login/ HTTP/1.0" 200 4247 "-" "Mozilla/5.0 (Windows NT 10.0; WOW64) AppleWebKit/537.36 (KHTML, like Gecko) Chrome/91.0.4472.77 Safari/537.36"
 - - [10/Jun/2021:01:43:49 +0300] "GET /pilaru/ HTTP/1.0" 302 0 "-" "TelegramBot (like TwitterBot)"
 - - [10/Jun/2021:01:43:49 +0300] "GET /pilaru/accounts/login/ HTTP/1.0" 200 4247 "-" "TelegramBot (like TwitterBot)"
 - - [10/Jun/2021:10:44:35 +0300] "GET /pilaru/ HTTP/1.0" 302 0 "android-app://org.telegram.messenger/" "Mozilla/5.0 (Linux; Android 10; SM-G960F) AppleWebKit/537.36 (KHTML, like Gecko) Chrome/91.0.4472.88 Mobile Safari/537.36"
 - - [10/Jun/2021:10:44:36 +0300] "GET /pilaru/accounts/login/ HTTP/1.0" 200 4247 "-" "Mozilla/5.0 (Linux; Android 10; SM-G960F) AppleWebKit/537.36 (KHTML, like Gecko) Chrome/91.0.4472.88 Mobile Safari/537.36"
 - - [10/Jun/2021:10:44:59 +0300] "GET /pilaru/accounts/login/ HTTP/1.0" 200 4247 "https://www.google.com/" "Mozilla/5.0 (Linux; Android 10; SM-G960U) AppleWebKit/537.36 (KHTML, like Gecko) Chrome/90.0.4430.82 Mobile Safari/537.36"
 - - [10/Jun/2021:10:45:00 +0300] "POST /pilaru/accounts/login/ HTTP/1.0" 302 0 "https://ssserver.cf/pilaru/accounts/login/" "Mozilla/5.0 (Linux; Android 10; SM-G960F) AppleWebKit/537.36 (KHTML, like Gecko) Chrome/91.0.4472.88 Mobile Safari/537.36"
 - - [10/Jun/2021:10:45:00 +0300] "GET /pilaru/items/search/ HTTP/1.0" 200 37236 "https://ssserver.cf/pilaru/accounts/login/" "Mozilla/5.0 (Linux; Android 10; SM-G960F) AppleWebKit/537.36 (KHTML, like Gecko) Chrome/91.0.4472.88 Mobile Safari/537.36"
 - - [10/Jun/2021:10:45:11 +0300] "GET /pilaru/accounts/login/ HTTP/1.0" 200 4247 "-" "Mozilla/5.0 (Linux; Android 10; SM-G960F) AppleWebKit/537.36 (KHTML, like Gecko) Chrome/91.0.4472.88 Mobile Safari/537.36"
 - - [10/Jun/2021:16:56:04 +0300] "GET /pilaru/ HTTP/1.0" 302 0 "-" "Mozilla/5.0 (Macintosh; Intel Mac OS X 10_15_7) AppleWebKit/537.36 (KHTML, like Gecko) Chrome/91.0.4472.77 Safari/537.36"
 - - [10/Jun/2021:16:56:04 +0300] "GET /pilaru/accounts/login/ HTTP/1.0" 200 4247 "-" "Mozilla/5.0 (Macintosh; Intel Mac OS X 10_15_7) AppleWebKit/537.36 (KHTML, like Gecko) Chrome/91.0.4472.77 Safari/537.36"
 - - [10/Jun/2021:16:56:06 +0300] "GET /pilaru/ HTTP/1.0" 302 0 "https://www.google.com/" "Mozilla/5.0 (Macintosh; Intel Mac OS X 10_14_6) AppleWebKit/537.36 (KHTML, like Gecko) Chrome/80.0.3987.149 Safari/537.36"
 - - [10/Jun/2021:16:56:07 +0300] "GET /pilaru/accounts/login/ HTTP/1.0" 200 4247 "-" "Mozilla/5.0 (Macintosh; Intel Mac OS X 10_14_6) AppleWebKit/537.36 (KHTML, like Gecko) Chrome/80.0.3987.149 Safari/537.36"
 - - [10/Jun/2021:16:56:11 +0300] "GET /pilaru/accounts/registration/ HTTP/1.0" 200 4266 "https://ssserver.cf/pilaru/accounts/login/" "Mozilla/5.0 (Macintosh; Intel Mac OS X 10_15_7) AppleWebKit/537.36 (KHTML, like Gecko) Chrome/91.0.4472.77 Safari/537.36"
 - - [10/Jun/2021:16:56:32 +0300] "POST /pilaru/accounts/registration/ HTTP/1.0" 302 0 "https://ssserver.cf/pilaru/accounts/registration/" "Mozilla/5.0 (Macintosh; Intel Mac OS X 10_15_7) AppleWebKit/537.36 (KHTML, like Gecko) Chrome/91.0.4472.77 Safari/537.36"
 - - [10/Jun/2021:16:56:32 +0300] "GET /pilaru/items/search/ HTTP/1.0" 200 37234 "https://ssserver.cf/pilaru/accounts/registration/" "Mozilla/5.0 (Macintosh; Intel Mac OS X 10_15_7) AppleWebKit/537.36 (KHTML, like Gecko) Chrome/91.0.4472.77 Safari/537.36"
 - - [10/Jun/2021:16:56:37 +0300] "GET /pilaru/items/search/ HTTP/1.0" 200 35545 "https://www.google.com/" "Mozilla/5.0 (Macintosh; Intel Mac OS X 10_13_6) AppleWebKit/537.36 (KHTML, like Gecko) Chrome/90.0.4430.93 Safari/537.36"
 - - [10/Jun/2021:16:56:39 +0300] "GET /pilaru/items/search/ HTTP/1.0" 200 37234 "https://ssserver.cf/pilaru/items/search/" "Mozilla/5.0 (Macintosh; Intel Mac OS X 10_15_7) AppleWebKit/537.36 (KHTML, like Gecko) Chrome/91.0.4472.77 Safari/537.36"
 - - [10/Jun/2021:16:56:42 +0300] "GET /pilaru/404/ HTTP/1.0" 200 19463 "https://ssserver.cf/pilaru/items/search/" "Mozilla/5.0 (Macintosh; Intel Mac OS X 10_15_7) AppleWebKit/537.36 (KHTML, like Gecko) Chrome/91.0.4472.77 Safari/537.36"
 - - [10/Jun/2021:16:56:43 +0300] "GET /pilaru/items/search/ HTTP/1.0" 200 37234 "https://ssserver.cf/pilaru/404/" "Mozilla/5.0 (Macintosh; Intel Mac OS X 10_15_7) AppleWebKit/537.36 (KHTML, like Gecko) Chrome/91.0.4472.77 Safari/537.36"
 - - [10/Jun/2021:16:56:47 +0300] "GET /pilaru/404/ HTTP/1.0" 200 19463 "https://ssserver.cf/pilaru/items/search/" "Mozilla/5.0 (Macintosh; Intel Mac OS X 10_15_7) AppleWebKit/537.36 (KHTML, like Gecko) Chrome/91.0.4472.77 Safari/537.36"
 - - [10/Jun/2021:16:56:49 +0300] "GET /pilaru/404/ HTTP/1.0" 200 19463 "https://ssserver.cf/pilaru/404/" "Mozilla/5.0 (Macintosh; Intel Mac OS X 10_15_7) AppleWebKit/537.36 (KHTML, like Gecko) Chrome/91.0.4472.77 Safari/537.36"
 - - [10/Jun/2021:16:56:55 +0300] "GET /pilaru/items/search/ HTTP/1.0" 200 37234 "https://ssserver.cf/pilaru/404/" "Mozilla/5.0 (Macintosh; Intel Mac OS X 10_15_7) AppleWebKit/537.36 (KHTML, like Gecko) Chrome/91.0.4472.77 Safari/537.36"
 - - [10/Jun/2021:16:57:50 +0300] "GET /pilaru/items/search/ HTTP/1.0" 200 37234 "https://ssserver.cf/pilaru/items/search/" "Mozilla/5.0 (Macintosh; Intel Mac OS X 10_15_7) AppleWebKit/537.36 (KHTML, like Gecko) Chrome/91.0.4472.77 Safari/537.36"
 - - [10/Jun/2021:17:00:00 +0300] "GET /pilaru/404/ HTTP/1.0" 200 19463 "https://ssserver.cf/pilaru/items/search/" "Mozilla/5.0 (Macintosh; Intel Mac OS X 10_15_7) AppleWebKit/537.36 (KHTML, like Gecko) Chrome/91.0.4472.77 Safari/537.36"
 - - [10/Jun/2021:17:00:04 +0300] "GET /pilaru/404/ HTTP/1.0" 200 19463 "https://ssserver.cf/pilaru/404/" "Mozilla/5.0 (Macintosh; Intel Mac OS X 10_15_7) AppleWebKit/537.36 (KHTML, like Gecko) Chrome/91.0.4472.77 Safari/537.36"
 - - [10/Jun/2021:17:00:08 +0300] "GET /pilaru/items/search/ HTTP/1.0" 200 37234 "https://ssserver.cf/pilaru/404/" "Mozilla/5.0 (Macintosh; Intel Mac OS X 10_15_7) AppleWebKit/537.36 (KHTML, like Gecko) Chrome/91.0.4472.77 Safari/537.36"
 - - [10/Jun/2021:17:00:10 +0300] "GET /pilaru/ HTTP/1.0" 302 0 "https://ssserver.cf/pilaru/items/search/" "Mozilla/5.0 (Macintosh; Intel Mac OS X 10_15_7) AppleWebKit/537.36 (KHTML, like Gecko) Chrome/91.0.4472.77 Safari/537.36"
 - - [10/Jun/2021:17:00:10 +0300] "GET /pilaru/items/search/ HTTP/1.0" 200 37234 "https://ssserver.cf/pilaru/items/search/" "Mozilla/5.0 (Macintosh; Intel Mac OS X 10_15_7) AppleWebKit/537.36 (KHTML, like Gecko) Chrome/91.0.4472.77 Safari/537.36"
 - - [10/Jun/2021:17:00:11 +0300] "GET /pilaru/ HTTP/1.0" 302 0 "https://ssserver.cf/pilaru/items/search/" "Mozilla/5.0 (Macintosh; Intel Mac OS X 10_15_7) AppleWebKit/537.36 (KHTML, like Gecko) Chrome/91.0.4472.77 Safari/537.36"
 - - [10/Jun/2021:17:00:11 +0300] "GET /pilaru/items/search/ HTTP/1.0" 200 37234 "https://ssserver.cf/pilaru/items/search/" "Mozilla/5.0 (Macintosh; Intel Mac OS X 10_15_7) AppleWebKit/537.36 (KHTML, like Gecko) Chrome/91.0.4472.77 Safari/537.36"
 - - [10/Jun/2021:23:49:35 +0300] "GET /pilaru/ HTTP/1.0" 302 0 "-" "Mozilla/5.0 (Windows NT 10.0; WOW64) AppleWebKit/537.36 (KHTML, like Gecko) Chrome/91.0.4472.77 Safari/537.36"
 - - [10/Jun/2021:23:49:35 +0300] "GET /pilaru/accounts/login/ HTTP/1.0" 200 4247 "-" "Mozilla/5.0 (Windows NT 10.0; WOW64) AppleWebKit/537.36 (KHTML, like Gecko) Chrome/91.0.4472.77 Safari/537.36"
 - - [10/Jun/2021:23:49:38 +0300] "GET /pilaru/accounts/login/ HTTP/1.0" 200 4247 "-" "TelegramBot (like TwitterBot)"
 - - [10/Jun/2021:23:49:41 +0300] "GET /pilaru/accounts/login/ HTTP/1.0" 200 4247 "-" "Mozilla/5.0 (Windows NT 10.0; WOW64) AppleWebKit/537.36 (KHTML, like Gecko) Chrome/91.0.4472.77 Safari/537.36"
 - - [10/Jun/2021:23:49:46 +0300] "GET /pilaru/accounts/login/ HTTP/1.0" 200 4247 "-" "Mozilla/5.0 (Windows NT 10.0; Win64; x64; rv:89.0) Gecko/20100101 Firefox/89.0"
 - - [11/Jun/2021:20:39:21 +0300] "GET /pilaru/accounts/login/ HTTP/1.0" 200 4247 "-" "Mozilla/5.0 (iPhone; CPU iPhone OS 14_5_1 like Mac OS X) AppleWebKit/605.1.15 (KHTML, like Gecko) Version/14.1 Mobile/15E148 Safari/604.1"
 - - [11/Jun/2021:20:40:01 +0300] "POST /pilaru/accounts/login/ HTTP/1.0" 200 4357 "https://ssserver.cf/pilaru/accounts/login/" "Mozilla/5.0 (iPhone; CPU iPhone OS 14_5_1 like Mac OS X) AppleWebKit/605.1.15 (KHTML, like Gecko) Version/14.1 Mobile/15E148 Safari/604.1"
 - - [11/Jun/2021:20:40:28 +0300] "GET /pilaru/accounts/registration/ HTTP/1.0" 200 4266 "https://ssserver.cf/pilaru/accounts/login/" "Mozilla/5.0 (iPhone; CPU iPhone OS 14_5_1 like Mac OS X) AppleWebKit/605.1.15 (KHTML, like Gecko) Version/14.1 Mobile/15E148 Safari/604.1"
 - - [11/Jun/2021:20:40:31 +0300] "GET /pilaru/accounts/login/ HTTP/1.0" 200 4247 "https://ssserver.cf/pilaru/accounts/registration/" "Mozilla/5.0 (iPhone; CPU iPhone OS 14_5_1 like Mac OS X) AppleWebKit/605.1.15 (KHTML, like Gecko) Version/14.1 Mobile/15E148 Safari/604.1"
 - - [11/Jun/2021:20:40:33 +0300] "GET /pilaru/accounts/registration/ HTTP/1.0" 200 4266 "https://ssserver.cf/pilaru/accounts/login/" "Mozilla/5.0 (iPhone; CPU iPhone OS 14_5_1 like Mac OS X) AppleWebKit/605.1.15 (KHTML, like Gecko) Version/14.1 Mobile/15E148 Safari/604.1"
 - - [11/Jun/2021:20:40:38 +0300] "GET /pilaru/accounts/login/ HTTP/1.0" 200 4247 "https://ssserver.cf/pilaru/accounts/registration/" "Mozilla/5.0 (iPhone; CPU iPhone OS 14_5_1 like Mac OS X) AppleWebKit/605.1.15 (KHTML, like Gecko) Version/14.1 Mobile/15E148 Safari/604.1"
 - - [11/Jun/2021:20:40:39 +0300] "GET /pilaru/accounts/registration/ HTTP/1.0" 200 4266 "https://ssserver.cf/pilaru/accounts/login/" "Mozilla/5.0 (iPhone; CPU iPhone OS 14_5_1 like Mac OS X) AppleWebKit/605.1.15 (KHTML, like Gecko) Version/14.1 Mobile/15E148 Safari/604.1"
 - - [11/Jun/2021:20:40:42 +0300] "GET /pilaru/accounts/login/ HTTP/1.0" 200 4247 "https://ssserver.cf/pilaru/accounts/registration/" "Mozilla/5.0 (iPhone; CPU iPhone OS 14_5_1 like Mac OS X) AppleWebKit/605.1.15 (KHTML, like Gecko) Version/14.1 Mobile/15E148 Safari/604.1"
 - - [11/Jun/2021:20:40:47 +0300] "GET /pilaru/accounts/registration/ HTTP/1.0" 200 4266 "https://ssserver.cf/pilaru/accounts/login/" "Mozilla/5.0 (iPhone; CPU iPhone OS 14_5_1 like Mac OS X) AppleWebKit/605.1.15 (KHTML, like Gecko) Version/14.1 Mobile/15E148 Safari/604.1"
 - - [11/Jun/2021:20:41:31 +0300] "POST /pilaru/accounts/registration/ HTTP/1.0" 302 0 "https://ssserver.cf/pilaru/accounts/registration/" "Mozilla/5.0 (iPhone; CPU iPhone OS 14_5_1 like Mac OS X) AppleWebKit/605.1.15 (KHTML, like Gecko) Version/14.1 Mobile/15E148 Safari/604.1"
 - - [11/Jun/2021:20:41:31 +0300] "GET /pilaru/items/search/ HTTP/1.0" 200 37233 "https://ssserver.cf/pilaru/accounts/registration/" "Mozilla/5.0 (iPhone; CPU iPhone OS 14_5_1 like Mac OS X) AppleWebKit/605.1.15 (KHTML, like Gecko) Version/14.1 Mobile/15E148 Safari/604.1"
 - - [11/Jun/2021:20:41:58 +0300] "GET /pilaru/items/search/ HTTP/1.0" 200 37233 "https://ssserver.cf/pilaru/items/search/" "Mozilla/5.0 (iPhone; CPU iPhone OS 14_5_1 like Mac OS X) AppleWebKit/605.1.15 (KHTML, like Gecko) Version/14.1 Mobile/15E148 Safari/604.1"
[2021-06-15 22:10:51 +0000] [19750] [INFO] Handling signal: term
[2021-06-16 01:10:51 +0300] [19753] [INFO] Worker exiting (pid: 19753)
[2021-06-16 01:10:51 +0300] [19754] [INFO] Worker exiting (pid: 19754)
[2021-06-16 01:10:51 +0300] [19755] [INFO] Worker exiting (pid: 19755)
[2021-06-15 22:10:51 +0000] [19750] [INFO] Shutting down: Master
[2021-06-15 22:10:52 +0000] [12113] [INFO] Starting gunicorn 19.9.0
[2021-06-15 22:10:52 +0000] [12113] [INFO] Listening at: unix:/run/pilaru.sock (12113)
[2021-06-15 22:10:52 +0000] [12113] [INFO] Using worker: gevent
[2021-06-15 22:10:52 +0000] [12116] [INFO] Booting worker with pid: 12116
[2021-06-15 22:10:52 +0000] [12117] [INFO] Booting worker with pid: 12117
[2021-06-15 22:10:52 +0000] [12119] [INFO] Booting worker with pid: 12119
Invalid HTTP_HOST header: 'ssserver.cf'. You may need to add 'ssserver.cf' to ALLOWED_HOSTS.
Bad Request: /pilaru/
 - - [16/Jun/2021:01:11:02 +0300] "GET /pilaru/ HTTP/1.0" 400 59879 "-" "Mozilla/5.0 (Windows NT 10.0; WOW64) AppleWebKit/537.36 (KHTML, like Gecko) Chrome/91.0.4472.106 Safari/537.36"
[2021-06-15 22:13:23 +0000] [12113] [INFO] Handling signal: term
[2021-06-16 01:13:23 +0300] [12116] [INFO] Worker exiting (pid: 12116)
[2021-06-16 01:13:23 +0300] [12119] [INFO] Worker exiting (pid: 12119)
[2021-06-16 01:13:24 +0300] [12117] [INFO] Worker exiting (pid: 12117)
[2021-06-15 22:13:24 +0000] [12113] [INFO] Shutting down: Master
[2021-06-15 22:13:24 +0000] [12198] [INFO] Starting gunicorn 19.9.0
[2021-06-15 22:13:24 +0000] [12198] [INFO] Listening at: unix:/run/pilaru.sock (12198)
[2021-06-15 22:13:24 +0000] [12198] [INFO] Using worker: gevent
[2021-06-15 22:13:24 +0000] [12201] [INFO] Booting worker with pid: 12201
[2021-06-15 22:13:24 +0000] [12202] [INFO] Booting worker with pid: 12202
[2021-06-15 22:13:24 +0000] [12203] [INFO] Booting worker with pid: 12203
 - - [16/Jun/2021:01:13:27 +0300] "GET /pilaru/ HTTP/1.0" 302 0 "-" "Mozilla/5.0 (Windows NT 10.0; WOW64) AppleWebKit/537.36 (KHTML, like Gecko) Chrome/91.0.4472.106 Safari/537.36"
 - - [16/Jun/2021:01:13:27 +0300] "GET /pilaru/accounts/login/ HTTP/1.0" 200 4200 "-" "Mozilla/5.0 (Windows NT 10.0; WOW64) AppleWebKit/537.36 (KHTML, like Gecko) Chrome/91.0.4472.106 Safari/537.36"
 - - [16/Jun/2021:01:22:47 +0300] "GET /pilaru/ HTTP/1.0" 302 0 "-" "Mozilla/5.0 (Windows NT 10.0; WOW64) AppleWebKit/537.36 (KHTML, like Gecko) Chrome/91.0.4472.106 Safari/537.36"
 - - [16/Jun/2021:01:22:47 +0300] "GET /pilaru/accounts/login/ HTTP/1.0" 200 4247 "-" "Mozilla/5.0 (Windows NT 10.0; WOW64) AppleWebKit/537.36 (KHTML, like Gecko) Chrome/91.0.4472.106 Safari/537.36"
 - - [16/Jun/2021:01:23:13 +0300] "POST /pilaru/accounts/login/ HTTP/1.0" 200 4359 "https://ssserver.cf/pilaru/accounts/login/" "Mozilla/5.0 (Windows NT 10.0; WOW64) AppleWebKit/537.36 (KHTML, like Gecko) Chrome/91.0.4472.106 Safari/537.36"
 - - [16/Jun/2021:01:23:21 +0300] "GET /pilaru/admin HTTP/1.0" 301 0 "-" "Mozilla/5.0 (Windows NT 10.0; WOW64) AppleWebKit/537.36 (KHTML, like Gecko) Chrome/91.0.4472.106 Safari/537.36"
 - - [16/Jun/2021:01:23:21 +0300] "GET /pilaru/admin/ HTTP/1.0" 302 0 "-" "Mozilla/5.0 (Windows NT 10.0; WOW64) AppleWebKit/537.36 (KHTML, like Gecko) Chrome/91.0.4472.106 Safari/537.36"
 - - [16/Jun/2021:01:23:21 +0300] "GET /pilaru/admin/login/?next=/pilaru/admin/ HTTP/1.0" 200 2347 "-" "Mozilla/5.0 (Windows NT 10.0; WOW64) AppleWebKit/537.36 (KHTML, like Gecko) Chrome/91.0.4472.106 Safari/537.36"
 - - [16/Jun/2021:01:23:23 +0300] "POST /pilaru/admin/login/?next=/pilaru/admin/ HTTP/1.0" 200 2614 "https://ssserver.cf/pilaru/admin/login/?next=/pilaru/admin/" "Mozilla/5.0 (Windows NT 10.0; WOW64) AppleWebKit/537.36 (KHTML, like Gecko) Chrome/91.0.4472.106 Safari/537.36"
 - - [16/Jun/2021:01:23:27 +0300] "POST /pilaru/admin/login/?next=/pilaru/admin/ HTTP/1.0" 200 2614 "https://ssserver.cf/pilaru/admin/login/?next=/pilaru/admin/" "Mozilla/5.0 (Windows NT 10.0; WOW64) AppleWebKit/537.36 (KHTML, like Gecko) Chrome/91.0.4472.106 Safari/537.36"
 - - [16/Jun/2021:01:23:31 +0300] "POST /pilaru/admin/login/?next=/pilaru/admin/ HTTP/1.0" 200 2614 "https://ssserver.cf/pilaru/admin/login/?next=/pilaru/admin/" "Mozilla/5.0 (Windows NT 10.0; WOW64) AppleWebKit/537.36 (KHTML, like Gecko) Chrome/91.0.4472.106 Safari/537.36"
 - - [16/Jun/2021:01:24:46 +0300] "POST /pilaru/admin/login/?next=/pilaru/admin/ HTTP/1.0" 302 0 "https://ssserver.cf/pilaru/admin/login/?next=/pilaru/admin/" "Mozilla/5.0 (Windows NT 10.0; WOW64) AppleWebKit/537.36 (KHTML, like Gecko) Chrome/91.0.4472.106 Safari/537.36"
 - - [16/Jun/2021:01:24:46 +0300] "GET /pilaru/admin/ HTTP/1.0" 200 9356 "https://ssserver.cf/pilaru/admin/login/?next=/pilaru/admin/" "Mozilla/5.0 (Windows NT 10.0; WOW64) AppleWebKit/537.36 (KHTML, like Gecko) Chrome/91.0.4472.106 Safari/537.36"
 - - [16/Jun/2021:01:24:52 +0300] "GET /pilaru/ HTTP/1.0" 302 0 "-" "Mozilla/5.0 (Windows NT 10.0; WOW64) AppleWebKit/537.36 (KHTML, like Gecko) Chrome/91.0.4472.106 Safari/537.36"
Internal Server Error: /pilaru/items/search/
Traceback (most recent call last):
  File "/home/babushka/tgbotsvenv/lib/python3.6/site-packages/django/template/base.py", line 470, in parse
    compile_func = self.tags[command]
KeyError: 'static'

During handling of the above exception, another exception occurred:

Traceback (most recent call last):
  File "/home/babushka/tgbotsvenv/lib/python3.6/site-packages/django/core/handlers/exception.py", line 47, in inner
    response = get_response(request)
  File "/home/babushka/tgbotsvenv/lib/python3.6/site-packages/django/core/handlers/base.py", line 204, in _get_response
    response = response.render()
  File "/home/babushka/tgbotsvenv/lib/python3.6/site-packages/django/template/response.py", line 105, in render
    self.content = self.rendered_content
  File "/home/babushka/tgbotsvenv/lib/python3.6/site-packages/django/template/response.py", line 81, in rendered_content
    template = self.resolve_template(self.template_name)
  File "/home/babushka/tgbotsvenv/lib/python3.6/site-packages/django/template/response.py", line 63, in resolve_template
    return select_template(template, using=self.using)
  File "/home/babushka/tgbotsvenv/lib/python3.6/site-packages/django/template/loader.py", line 42, in select_template
    return engine.get_template(template_name)
  File "/home/babushka/tgbotsvenv/lib/python3.6/site-packages/django/template/backends/django.py", line 34, in get_template
    return Template(self.engine.get_template(template_name), self)
  File "/home/babushka/tgbotsvenv/lib/python3.6/site-packages/django/template/engine.py", line 143, in get_template
    template, origin = self.find_template(template_name)
  File "/home/babushka/tgbotsvenv/lib/python3.6/site-packages/django/template/engine.py", line 125, in find_template
    template = loader.get_template(name, skip=skip)
  File "/home/babushka/tgbotsvenv/lib/python3.6/site-packages/django/template/loaders/base.py", line 30, in get_template
    contents, origin, origin.template_name, self.engine,
  File "/home/babushka/tgbotsvenv/lib/python3.6/site-packages/django/template/base.py", line 155, in __init__
    self.nodelist = self.compile_nodelist()
  File "/home/babushka/tgbotsvenv/lib/python3.6/site-packages/django/template/base.py", line 193, in compile_nodelist
    return parser.parse()
  File "/home/babushka/tgbotsvenv/lib/python3.6/site-packages/django/template/base.py", line 478, in parse
    raise self.error(token, e)
  File "/home/babushka/tgbotsvenv/lib/python3.6/site-packages/django/template/base.py", line 476, in parse
    compiled_result = compile_func(self, token)
  File "/home/babushka/tgbotsvenv/lib/python3.6/site-packages/django/template/loader_tags.py", line 270, in do_extends
    nodelist = parser.parse()
  File "/home/babushka/tgbotsvenv/lib/python3.6/site-packages/django/template/base.py", line 478, in parse
    raise self.error(token, e)
  File "/home/babushka/tgbotsvenv/lib/python3.6/site-packages/django/template/base.py", line 476, in parse
    compiled_result = compile_func(self, token)
  File "/home/babushka/tgbotsvenv/lib/python3.6/site-packages/django/template/loader_tags.py", line 213, in do_block
    nodelist = parser.parse(('endblock',))
  File "/home/babushka/tgbotsvenv/lib/python3.6/site-packages/django/template/base.py", line 472, in parse
    self.invalid_block_tag(token, command, parse_until)
  File "/home/babushka/tgbotsvenv/lib/python3.6/site-packages/django/template/base.py", line 528, in invalid_block_tag
    get_text_list(["'%s'" % p for p in parse_until], 'or'),
django.template.exceptions.TemplateSyntaxError: Invalid block tag on line 6: 'static', expected 'endblock'. Did you forget to register or load this tag?
 - - [16/Jun/2021:01:24:52 +0300] "GET /pilaru/items/search/ HTTP/1.0" 500 155930 "-" "Mozilla/5.0 (Windows NT 10.0; WOW64) AppleWebKit/537.36 (KHTML, like Gecko) Chrome/91.0.4472.106 Safari/537.36"
 - - [16/Jun/2021:01:25:41 +0300] "GET /pilaru/items/search/ HTTP/1.0" 200 248809 "-" "Mozilla/5.0 (Windows NT 10.0; WOW64) AppleWebKit/537.36 (KHTML, like Gecko) Chrome/91.0.4472.106 Safari/537.36"
[2021-06-15 22:25:48 +0000] [12198] [INFO] Handling signal: term
[2021-06-16 01:25:49 +0300] [12203] [INFO] Worker exiting (pid: 12203)
[2021-06-16 01:25:49 +0300] [12201] [INFO] Worker exiting (pid: 12201)
[2021-06-16 01:25:49 +0300] [12202] [INFO] Worker exiting (pid: 12202)
[2021-06-15 22:25:50 +0000] [12198] [INFO] Shutting down: Master
[2021-06-15 22:25:50 +0000] [12604] [INFO] Starting gunicorn 19.9.0
[2021-06-15 22:25:50 +0000] [12604] [INFO] Listening at: unix:/run/pilaru.sock (12604)
[2021-06-15 22:25:50 +0000] [12604] [INFO] Using worker: gevent
[2021-06-15 22:25:50 +0000] [12607] [INFO] Booting worker with pid: 12607
[2021-06-15 22:25:50 +0000] [12608] [INFO] Booting worker with pid: 12608
[2021-06-15 22:25:50 +0000] [12610] [INFO] Booting worker with pid: 12610
 - - [16/Jun/2021:01:25:53 +0300] "GET /pilaru/items/search/ HTTP/1.0" 200 248809 "-" "Mozilla/5.0 (Windows NT 10.0; WOW64) AppleWebKit/537.36 (KHTML, like Gecko) Chrome/91.0.4472.106 Safari/537.36"
 - - [16/Jun/2021:01:25:55 +0300] "GET /pilaru/items/view/190 HTTP/1.0" 200 24783 "https://ssserver.cf/pilaru/items/search/" "Mozilla/5.0 (Windows NT 10.0; WOW64) AppleWebKit/537.36 (KHTML, like Gecko) Chrome/91.0.4472.106 Safari/537.36"
 - - [16/Jun/2021:01:26:03 +0300] "GET /pilaru/items/view/190 HTTP/1.0" 200 24783 "https://ssserver.cf/pilaru/items/search/" "Mozilla/5.0 (Windows NT 10.0; WOW64) AppleWebKit/537.36 (KHTML, like Gecko) Chrome/91.0.4472.106 Safari/537.36"
 - - [16/Jun/2021:01:27:59 +0300] "GET /pilaru/items/view/190 HTTP/1.0" 200 24783 "https://ssserver.cf/pilaru/items/search/" "Mozilla/5.0 (Windows NT 10.0; WOW64) AppleWebKit/537.36 (KHTML, like Gecko) Chrome/91.0.4472.106 Safari/537.36"
 - - [16/Jun/2021:01:28:01 +0300] "GET /pilaru/items/search/ HTTP/1.0" 200 248809 "https://ssserver.cf/pilaru/items/view/190" "Mozilla/5.0 (Windows NT 10.0; WOW64) AppleWebKit/537.36 (KHTML, like Gecko) Chrome/91.0.4472.106 Safari/537.36"
 - - [16/Jun/2021:01:28:03 +0300] "GET /pilaru/items/view/190 HTTP/1.0" 200 24783 "https://ssserver.cf/pilaru/items/search/" "Mozilla/5.0 (Windows NT 10.0; WOW64) AppleWebKit/537.36 (KHTML, like Gecko) Chrome/91.0.4472.106 Safari/537.36"
 - - [16/Jun/2021:01:28:35 +0300] "GET /pilaru/items/search/ HTTP/1.0" 200 248809 "https://ssserver.cf/pilaru/items/view/190" "Mozilla/5.0 (Windows NT 10.0; WOW64) AppleWebKit/537.36 (KHTML, like Gecko) Chrome/91.0.4472.106 Safari/537.36"
 - - [16/Jun/2021:01:28:38 +0300] "GET /pilaru/orders/active/ HTTP/1.0" 200 20433 "https://ssserver.cf/pilaru/items/search/" "Mozilla/5.0 (Windows NT 10.0; WOW64) AppleWebKit/537.36 (KHTML, like Gecko) Chrome/91.0.4472.106 Safari/537.36"
 - - [16/Jun/2021:01:28:41 +0300] "GET /pilaru/items/search/ HTTP/1.0" 200 248809 "https://ssserver.cf/pilaru/orders/active/" "Mozilla/5.0 (Windows NT 10.0; WOW64) AppleWebKit/537.36 (KHTML, like Gecko) Chrome/91.0.4472.106 Safari/537.36"
 - - [16/Jun/2021:01:28:47 +0300] "GET /pilaru/items/search/%D1%81%D1%82%D1%80%D0%BE%D0%B8%D1%82%D0%B5%D0%BB%D1%8C%D0%BD%D1%8B%D0%B5-%D0%BC%D0%B0%D1%82%D0%B5%D1%80%D0%B8%D0%B0%D0%BB%D1%8B HTTP/1.0" 200 31047 "https://ssserver.cf/pilaru/items/search/" "Mozilla/5.0 (Windows NT 10.0; WOW64) AppleWebKit/537.36 (KHTML, like Gecko) Chrome/91.0.4472.106 Safari/537.36"
 - - [16/Jun/2021:01:28:48 +0300] "GET /pilaru/items/search/%D1%81%D1%82%D1%80%D0%BE%D0%B8%D1%82%D0%B5%D0%BB%D1%8C%D0%BD%D1%8B%D0%B5-%D0%BC%D0%B0%D1%82%D0%B5%D1%80%D0%B8%D0%B0%D0%BB%D1%8B--%D1%81%D1%82%D1%80%D0%BE%D0%B8%D1%82%D0%B5%D0%BB%D1%8C%D1%81%D1%82%D0%B2%D0%BE-%D1%81%D1%82%D0%B5%D0%BD-%D0%B8-%D0%BF%D0%B5%D1%80%D0%B5%D0%B3%D0%BE%D1%80%D0%BE%D0%B4%D0%BE%D0%BA HTTP/1.0" 200 23786 "https://ssserver.cf/pilaru/items/search/%D1%81%D1%82%D1%80%D0%BE%D0%B8%D1%82%D0%B5%D0%BB%D1%8C%D0%BD%D1%8B%D0%B5-%D0%BC%D0%B0%D1%82%D0%B5%D1%80%D0%B8%D0%B0%D0%BB%D1%8B" "Mozilla/5.0 (Windows NT 10.0; WOW64) AppleWebKit/537.36 (KHTML, like Gecko) Chrome/91.0.4472.106 Safari/537.36"
 - - [16/Jun/2021:01:28:50 +0300] "GET /pilaru/items/search/%D1%81%D1%82%D1%80%D0%BE%D0%B8%D1%82%D0%B5%D0%BB%D1%8C%D0%BD%D1%8B%D0%B5-%D0%BC%D0%B0%D1%82%D0%B5%D1%80%D0%B8%D0%B0%D0%BB%D1%8B--%D1%81%D1%82%D1%80%D0%BE%D0%B8%D1%82%D0%B5%D0%BB%D1%8C%D1%81%D1%82%D0%B2%D0%BE-%D1%81%D1%82%D0%B5%D0%BD-%D0%B8-%D0%BF%D0%B5%D1%80%D0%B5%D0%B3%D0%BE%D1%80%D0%BE%D0%B4%D0%BE%D0%BA--%D0%BE%D1%82%D0%B4%D0%B5%D0%BB%D0%BA%D0%B0 HTTP/1.0" 200 23685 "https://ssserver.cf/pilaru/items/search/%D1%81%D1%82%D1%80%D0%BE%D0%B8%D1%82%D0%B5%D0%BB%D1%8C%D0%BD%D1%8B%D0%B5-%D0%BC%D0%B0%D1%82%D0%B5%D1%80%D0%B8%D0%B0%D0%BB%D1%8B--%D1%81%D1%82%D1%80%D0%BE%D0%B8%D1%82%D0%B5%D0%BB%D1%8C%D1%81%D1%82%D0%B2%D0%BE-%D1%81%D1%82%D0%B5%D0%BD-%D0%B8-%D0%BF%D0%B5%D1%80%D0%B5%D0%B3%D0%BE%D1%80%D0%BE%D0%B4%D0%BE%D0%BA" "Mozilla/5.0 (Windows NT 10.0; WOW64) AppleWebKit/537.36 (KHTML, like Gecko) Chrome/91.0.4472.106 Safari/537.36"
 - - [16/Jun/2021:01:28:52 +0300] "GET /pilaru/items/search/ HTTP/1.0" 200 248809 "https://ssserver.cf/pilaru/items/search/%D1%81%D1%82%D1%80%D0%BE%D0%B8%D1%82%D0%B5%D0%BB%D1%8C%D0%BD%D1%8B%D0%B5-%D0%BC%D0%B0%D1%82%D0%B5%D1%80%D0%B8%D0%B0%D0%BB%D1%8B--%D1%81%D1%82%D1%80%D0%BE%D0%B8%D1%82%D0%B5%D0%BB%D1%8C%D1%81%D1%82%D0%B2%D0%BE-%D1%81%D1%82%D0%B5%D0%BD-%D0%B8-%D0%BF%D0%B5%D1%80%D0%B5%D0%B3%D0%BE%D1%80%D0%BE%D0%B4%D0%BE%D0%BA--%D0%BE%D1%82%D0%B4%D0%B5%D0%BB%D0%BA%D0%B0" "Mozilla/5.0 (Windows NT 10.0; WOW64) AppleWebKit/537.36 (KHTML, like Gecko) Chrome/91.0.4472.106 Safari/537.36"
 - - [16/Jun/2021:01:29:46 +0300] "GET /pilaru/items/search/ HTTP/1.0" 200 248785 "https://ssserver.cf/pilaru/items/search/%D1%81%D1%82%D1%80%D0%BE%D0%B8%D1%82%D0%B5%D0%BB%D1%8C%D0%BD%D1%8B%D0%B5-%D0%BC%D0%B0%D1%82%D0%B5%D1%80%D0%B8%D0%B0%D0%BB%D1%8B--%D1%81%D1%82%D1%80%D0%BE%D0%B8%D1%82%D0%B5%D0%BB%D1%8C%D1%81%D1%82%D0%B2%D0%BE-%D1%81%D1%82%D0%B5%D0%BD-%D0%B8-%D0%BF%D0%B5%D1%80%D0%B5%D0%B3%D0%BE%D1%80%D0%BE%D0%B4%D0%BE%D0%BA--%D0%BE%D1%82%D0%B4%D0%B5%D0%BB%D0%BA%D0%B0" "Mozilla/5.0 (Windows NT 10.0; WOW64) AppleWebKit/537.36 (KHTML, like Gecko) Chrome/91.0.4472.106 Safari/537.36"
 - - [16/Jun/2021:01:29:48 +0300] "GET /pilaru/items/search/%D0%B4%D1%80%D1%83%D0%B3%D0%BE%D0%B5 HTTP/1.0" 200 180981 "https://ssserver.cf/pilaru/items/search/" "Mozilla/5.0 (Windows NT 10.0; WOW64) AppleWebKit/537.36 (KHTML, like Gecko) Chrome/91.0.4472.106 Safari/537.36"
 - - [16/Jun/2021:01:29:51 +0300] "GET /pilaru/items/search/%D0%B4%D1%80%D1%83%D0%B3%D0%BE%D0%B5--%D0%B8%D0%BD%D0%B2%D0%B5%D0%BD%D1%82%D0%B0%D1%80%D1%8C HTTP/1.0" 200 23259 "https://ssserver.cf/pilaru/items/search/%D0%B4%D1%80%D1%83%D0%B3%D0%BE%D0%B5" "Mozilla/5.0 (Windows NT 10.0; WOW64) AppleWebKit/537.36 (KHTML, like Gecko) Chrome/91.0.4472.106 Safari/537.36"
 - - [16/Jun/2021:01:29:55 +0300] "GET /pilaru/items/search/ HTTP/1.0" 200 248785 "https://ssserver.cf/pilaru/items/search/%D0%B4%D1%80%D1%83%D0%B3%D0%BE%D0%B5--%D0%B8%D0%BD%D0%B2%D0%B5%D0%BD%D1%82%D0%B0%D1%80%D1%8C" "Mozilla/5.0 (Windows NT 10.0; WOW64) AppleWebKit/537.36 (KHTML, like Gecko) Chrome/91.0.4472.106 Safari/537.36"
 - - [16/Jun/2021:01:29:58 +0300] "GET /pilaru/items/search/%D0%BB%D0%BA%D0%BC-%D0%BF%D0%B5%D0%BD%D1%8B-%D0%B3%D0%B5%D1%80%D0%BC%D0%B5%D1%82%D0%B8%D0%BA%D0%B8 HTTP/1.0" 200 26494 "https://ssserver.cf/pilaru/items/search/" "Mozilla/5.0 (Windows NT 10.0; WOW64) AppleWebKit/537.36 (KHTML, like Gecko) Chrome/91.0.4472.106 Safari/537.36"
 - - [16/Jun/2021:01:29:58 +0300] "GET /pilaru/items/search/%D0%BB%D0%BA%D0%BC-%D0%BF%D0%B5%D0%BD%D1%8B-%D0%B3%D0%B5%D1%80%D0%BC%D0%B5%D1%82%D0%B8%D0%BA%D0%B8--%D0%BA%D0%BB%D0%B5%D0%B9%D0%B3%D0%B5%D1%80%D0%BC%D0%B5%D1%82%D0%B8%D0%BA%D0%BF%D0%B5%D0%BD%D0%B0 HTTP/1.0" 200 24704 "https://ssserver.cf/pilaru/items/search/%D0%BB%D0%BA%D0%BC-%D0%BF%D0%B5%D0%BD%D1%8B-%D0%B3%D0%B5%D1%80%D0%BC%D0%B5%D1%82%D0%B8%D0%BA%D0%B8" "Mozilla/5.0 (Windows NT 10.0; WOW64) AppleWebKit/537.36 (KHTML, like Gecko) Chrome/91.0.4472.106 Safari/537.36"
 - - [16/Jun/2021:01:29:59 +0300] "GET /pilaru/items/search/%D0%BB%D0%BA%D0%BC-%D0%BF%D0%B5%D0%BD%D1%8B-%D0%B3%D0%B5%D1%80%D0%BC%D0%B5%D1%82%D0%B8%D0%BA%D0%B8--%D0%BA%D0%BB%D0%B5%D0%B9%D0%B3%D0%B5%D1%80%D0%BC%D0%B5%D1%82%D0%B8%D0%BA%D0%BF%D0%B5%D0%BD%D0%B0--%D1%84%D1%83%D0%BD%D0%B4%D0%B0%D0%BC%D0%B5%D0%BD%D1%82 HTTP/1.0" 200 22984 "https://ssserver.cf/pilaru/items/search/%D0%BB%D0%BA%D0%BC-%D0%BF%D0%B5%D0%BD%D1%8B-%D0%B3%D0%B5%D1%80%D0%BC%D0%B5%D1%82%D0%B8%D0%BA%D0%B8--%D0%BA%D0%BB%D0%B5%D0%B9%D0%B3%D0%B5%D1%80%D0%BC%D0%B5%D1%82%D0%B8%D0%BA%D0%BF%D0%B5%D0%BD%D0%B0" "Mozilla/5.0 (Windows NT 10.0; WOW64) AppleWebKit/537.36 (KHTML, like Gecko) Chrome/91.0.4472.106 Safari/537.36"
 - - [16/Jun/2021:01:30:01 +0300] "GET /pilaru/items/search/%D0%BB%D0%BA%D0%BC-%D0%BF%D0%B5%D0%BD%D1%8B-%D0%B3%D0%B5%D1%80%D0%BC%D0%B5%D1%82%D0%B8%D0%BA%D0%B8 HTTP/1.0" 200 26494 "https://ssserver.cf/pilaru/items/search/%D0%BB%D0%BA%D0%BC-%D0%BF%D0%B5%D0%BD%D1%8B-%D0%B3%D0%B5%D1%80%D0%BC%D0%B5%D1%82%D0%B8%D0%BA%D0%B8--%D0%BA%D0%BB%D0%B5%D0%B9%D0%B3%D0%B5%D1%80%D0%BC%D0%B5%D1%82%D0%B8%D0%BA%D0%BF%D0%B5%D0%BD%D0%B0--%D1%84%D1%83%D0%BD%D0%B4%D0%B0%D0%BC%D0%B5%D0%BD%D1%82" "Mozilla/5.0 (Windows NT 10.0; WOW64) AppleWebKit/537.36 (KHTML, like Gecko) Chrome/91.0.4472.106 Safari/537.36"
 - - [16/Jun/2021:01:30:04 +0300] "GET /pilaru/items/search/ HTTP/1.0" 200 248785 "https://ssserver.cf/pilaru/items/search/%D0%BB%D0%BA%D0%BC-%D0%BF%D0%B5%D0%BD%D1%8B-%D0%B3%D0%B5%D1%80%D0%BC%D0%B5%D1%82%D0%B8%D0%BA%D0%B8" "Mozilla/5.0 (Windows NT 10.0; WOW64) AppleWebKit/537.36 (KHTML, like Gecko) Chrome/91.0.4472.106 Safari/537.36"
 - - [16/Jun/2021:01:30:06 +0300] "GET /pilaru/items/view/353 HTTP/1.0" 200 26784 "https://ssserver.cf/pilaru/items/search/" "Mozilla/5.0 (Windows NT 10.0; WOW64) AppleWebKit/537.36 (KHTML, like Gecko) Chrome/91.0.4472.106 Safari/537.36"
 - - [16/Jun/2021:01:30:30 +0300] "GET /pilaru/items/view/353 HTTP/1.0" 200 26784 "https://ssserver.cf/pilaru/items/search/" "Mozilla/5.0 (Windows NT 10.0; WOW64) AppleWebKit/537.36 (KHTML, like Gecko) Chrome/91.0.4472.106 Safari/537.36"
 - - [16/Jun/2021:01:30:57 +0300] "GET /pilaru/items/view/353 HTTP/1.0" 200 26784 "https://ssserver.cf/pilaru/items/search/" "Mozilla/5.0 (Windows NT 10.0; WOW64) AppleWebKit/537.36 (KHTML, like Gecko) Chrome/91.0.4472.106 Safari/537.36"
[2021-06-15 22:32:39 +0000] [12604] [INFO] Handling signal: term
[2021-06-16 01:32:39 +0300] [12608] [INFO] Worker exiting (pid: 12608)
[2021-06-16 01:32:39 +0300] [12607] [INFO] Worker exiting (pid: 12607)
[2021-06-16 01:32:39 +0300] [12610] [INFO] Worker exiting (pid: 12610)
[2021-06-15 22:32:39 +0000] [12604] [INFO] Shutting down: Master
[2021-06-15 22:32:39 +0000] [12839] [INFO] Starting gunicorn 19.9.0
[2021-06-15 22:32:39 +0000] [12839] [INFO] Listening at: unix:/run/pilaru.sock (12839)
[2021-06-15 22:32:39 +0000] [12839] [INFO] Using worker: gevent
[2021-06-15 22:32:39 +0000] [12842] [INFO] Booting worker with pid: 12842
[2021-06-15 22:32:39 +0000] [12843] [INFO] Booting worker with pid: 12843
[2021-06-15 22:32:39 +0000] [12844] [INFO] Booting worker with pid: 12844
 - - [16/Jun/2021:01:32:44 +0300] "GET /pilaru/items/view/353 HTTP/1.0" 200 26784 "https://ssserver.cf/pilaru/items/search/" "Mozilla/5.0 (Windows NT 10.0; WOW64) AppleWebKit/537.36 (KHTML, like Gecko) Chrome/91.0.4472.106 Safari/537.36"
 - - [16/Jun/2021:01:32:49 +0300] "POST /pilaru/orders/api/add_item_to_order HTTP/1.0" 200 15 "https://ssserver.cf/pilaru/items/view/353" "Mozilla/5.0 (Windows NT 10.0; WOW64) AppleWebKit/537.36 (KHTML, like Gecko) Chrome/91.0.4472.106 Safari/537.36"
 - - [16/Jun/2021:01:32:50 +0300] "POST /pilaru/orders/api/add_item_to_order HTTP/1.0" 200 15 "https://ssserver.cf/pilaru/items/view/353" "Mozilla/5.0 (Windows NT 10.0; WOW64) AppleWebKit/537.36 (KHTML, like Gecko) Chrome/91.0.4472.106 Safari/537.36"
 - - [16/Jun/2021:01:32:50 +0300] "POST /pilaru/orders/api/add_item_to_order HTTP/1.0" 200 15 "https://ssserver.cf/pilaru/items/view/353" "Mozilla/5.0 (Windows NT 10.0; WOW64) AppleWebKit/537.36 (KHTML, like Gecko) Chrome/91.0.4472.106 Safari/537.36"
 - - [16/Jun/2021:01:32:53 +0300] "POST /pilaru/orders/api/add_item_to_order HTTP/1.0" 200 15 "https://ssserver.cf/pilaru/items/view/353" "Mozilla/5.0 (Windows NT 10.0; WOW64) AppleWebKit/537.36 (KHTML, like Gecko) Chrome/91.0.4472.106 Safari/537.36"
 - - [16/Jun/2021:01:32:55 +0300] "POST /pilaru/orders/api/add_item_to_order HTTP/1.0" 200 15 "https://ssserver.cf/pilaru/items/view/353" "Mozilla/5.0 (Windows NT 10.0; WOW64) AppleWebKit/537.36 (KHTML, like Gecko) Chrome/91.0.4472.106 Safari/537.36"
 - - [16/Jun/2021:01:32:55 +0300] "POST /pilaru/orders/api/add_item_to_order HTTP/1.0" 200 15 "https://ssserver.cf/pilaru/items/view/353" "Mozilla/5.0 (Windows NT 10.0; WOW64) AppleWebKit/537.36 (KHTML, like Gecko) Chrome/91.0.4472.106 Safari/537.36"
 - - [16/Jun/2021:01:32:55 +0300] "POST /pilaru/orders/api/add_item_to_order HTTP/1.0" 200 15 "https://ssserver.cf/pilaru/items/view/353" "Mozilla/5.0 (Windows NT 10.0; WOW64) AppleWebKit/537.36 (KHTML, like Gecko) Chrome/91.0.4472.106 Safari/537.36"
 - - [16/Jun/2021:01:32:55 +0300] "POST /pilaru/orders/api/add_item_to_order HTTP/1.0" 200 15 "https://ssserver.cf/pilaru/items/view/353" "Mozilla/5.0 (Windows NT 10.0; WOW64) AppleWebKit/537.36 (KHTML, like Gecko) Chrome/91.0.4472.106 Safari/537.36"
 - - [16/Jun/2021:01:32:57 +0300] "GET /pilaru/orders/active/ HTTP/1.0" 200 23199 "https://ssserver.cf/pilaru/items/view/353" "Mozilla/5.0 (Windows NT 10.0; WOW64) AppleWebKit/537.36 (KHTML, like Gecko) Chrome/91.0.4472.106 Safari/537.36"
 - - [16/Jun/2021:01:33:00 +0300] "POST /pilaru/orders/api/remove_item_from_order HTTP/1.0" 200 15 "https://ssserver.cf/pilaru/orders/active/" "Mozilla/5.0 (Windows NT 10.0; WOW64) AppleWebKit/537.36 (KHTML, like Gecko) Chrome/91.0.4472.106 Safari/537.36"
 - - [16/Jun/2021:01:33:00 +0300] "GET /pilaru/orders/active/ HTTP/1.0" 200 22315 "https://ssserver.cf/pilaru/orders/active/" "Mozilla/5.0 (Windows NT 10.0; WOW64) AppleWebKit/537.36 (KHTML, like Gecko) Chrome/91.0.4472.106 Safari/537.36"
 - - [16/Jun/2021:01:33:02 +0300] "POST /pilaru/orders/api/change_item_qty_in_order HTTP/1.0" 200 15 "https://ssserver.cf/pilaru/orders/active/" "Mozilla/5.0 (Windows NT 10.0; WOW64) AppleWebKit/537.36 (KHTML, like Gecko) Chrome/91.0.4472.106 Safari/537.36"
 - - [16/Jun/2021:01:33:02 +0300] "POST /pilaru/orders/api/change_item_qty_in_order HTTP/1.0" 200 15 "https://ssserver.cf/pilaru/orders/active/" "Mozilla/5.0 (Windows NT 10.0; WOW64) AppleWebKit/537.36 (KHTML, like Gecko) Chrome/91.0.4472.106 Safari/537.36"
 - - [16/Jun/2021:01:33:02 +0300] "POST /pilaru/orders/api/change_item_qty_in_order HTTP/1.0" 200 15 "https://ssserver.cf/pilaru/orders/active/" "Mozilla/5.0 (Windows NT 10.0; WOW64) AppleWebKit/537.36 (KHTML, like Gecko) Chrome/91.0.4472.106 Safari/537.36"
 - - [16/Jun/2021:01:33:04 +0300] "GET /pilaru/orders/active/ HTTP/1.0" 200 22316 "https://ssserver.cf/pilaru/orders/active/" "Mozilla/5.0 (Windows NT 10.0; WOW64) AppleWebKit/537.36 (KHTML, like Gecko) Chrome/91.0.4472.106 Safari/537.36"
 - - [16/Jun/2021:01:33:06 +0300] "GET /pilaru/items/search/ HTTP/1.0" 200 248785 "https://ssserver.cf/pilaru/orders/active/" "Mozilla/5.0 (Windows NT 10.0; WOW64) AppleWebKit/537.36 (KHTML, like Gecko) Chrome/91.0.4472.106 Safari/537.36"
 - - [16/Jun/2021:01:33:08 +0300] "GET /pilaru/items/search/%D0%B8%D0%BD%D1%81%D1%80%D1%83%D0%BC%D0%B5%D0%BD%D1%82-%D0%BE%D0%B1%D0%BE%D1%80%D1%83%D0%B4%D0%BE%D0%B2%D0%B0%D0%BD%D0%B8%D1%8F HTTP/1.0" 200 27489 "https://ssserver.cf/pilaru/items/search/" "Mozilla/5.0 (Windows NT 10.0; WOW64) AppleWebKit/537.36 (KHTML, like Gecko) Chrome/91.0.4472.106 Safari/537.36"
 - - [16/Jun/2021:01:33:09 +0300] "GET /pilaru/items/view/45 HTTP/1.0" 200 26456 "https://ssserver.cf/pilaru/items/search/%D0%B8%D0%BD%D1%81%D1%80%D1%83%D0%BC%D0%B5%D0%BD%D1%82-%D0%BE%D0%B1%D0%BE%D1%80%D1%83%D0%B4%D0%BE%D0%B2%D0%B0%D0%BD%D0%B8%D1%8F" "Mozilla/5.0 (Windows NT 10.0; WOW64) AppleWebKit/537.36 (KHTML, like Gecko) Chrome/91.0.4472.106 Safari/537.36"
 - - [16/Jun/2021:01:33:10 +0300] "POST /pilaru/orders/api/add_item_to_order HTTP/1.0" 200 15 "https://ssserver.cf/pilaru/items/view/45" "Mozilla/5.0 (Windows NT 10.0; WOW64) AppleWebKit/537.36 (KHTML, like Gecko) Chrome/91.0.4472.106 Safari/537.36"
 - - [16/Jun/2021:01:33:14 +0300] "GET /pilaru/orders/active/ HTTP/1.0" 200 23173 "https://ssserver.cf/pilaru/items/view/45" "Mozilla/5.0 (Windows NT 10.0; WOW64) AppleWebKit/537.36 (KHTML, like Gecko) Chrome/91.0.4472.106 Safari/537.36"
 - - [16/Jun/2021:01:33:22 +0300] "POST /pilaru/orders/api/change_item_qty_in_order HTTP/1.0" 200 15 "https://ssserver.cf/pilaru/orders/active/" "Mozilla/5.0 (Windows NT 10.0; WOW64) AppleWebKit/537.36 (KHTML, like Gecko) Chrome/91.0.4472.106 Safari/537.36"
 - - [16/Jun/2021:01:33:33 +0300] "POST /pilaru/orders/api/change_item_qty_in_order HTTP/1.0" 200 15 "https://ssserver.cf/pilaru/orders/active/" "Mozilla/5.0 (Windows NT 10.0; WOW64) AppleWebKit/537.36 (KHTML, like Gecko) Chrome/91.0.4472.106 Safari/537.36"
 - - [16/Jun/2021:01:33:34 +0300] "GET /pilaru/orders/active/ HTTP/1.0" 200 23173 "https://ssserver.cf/pilaru/items/view/45" "Mozilla/5.0 (Windows NT 10.0; WOW64) AppleWebKit/537.36 (KHTML, like Gecko) Chrome/91.0.4472.106 Safari/537.36"
 - - [16/Jun/2021:01:33:39 +0300] "GET /pilaru/items/search/ HTTP/1.0" 200 248785 "https://ssserver.cf/pilaru/orders/active/" "Mozilla/5.0 (Windows NT 10.0; WOW64) AppleWebKit/537.36 (KHTML, like Gecko) Chrome/91.0.4472.106 Safari/537.36"
 - - [16/Jun/2021:01:34:08 +0300] "GET /pilaru/items/search/ HTTP/1.0" 200 247104 "-" "TelegramBot (like TwitterBot)"
Not Found: /pilaru/items/admin/
 - - [16/Jun/2021:01:34:29 +0300] "GET /pilaru/items/admin/ HTTP/1.0" 404 3561 "-" "Mozilla/5.0 (Windows NT 10.0; WOW64) AppleWebKit/537.36 (KHTML, like Gecko) Chrome/91.0.4472.106 Safari/537.36"
 - - [16/Jun/2021:01:34:34 +0300] "GET /pilaru/admin/ HTTP/1.0" 200 9356 "-" "Mozilla/5.0 (Windows NT 10.0; WOW64) AppleWebKit/537.36 (KHTML, like Gecko) Chrome/91.0.4472.106 Safari/537.36"
Not Found: /pilaru/admin/admin
 - - [16/Jun/2021:01:34:42 +0300] "GET /pilaru/admin/admin HTTP/1.0" 404 7448 "-" "TelegramBot (like TwitterBot)"
 - - [16/Jun/2021:01:34:43 +0300] "GET /pilaru/admin/ HTTP/1.0" 302 0 "-" "TelegramBot (like TwitterBot)"
 - - [16/Jun/2021:01:34:43 +0300] "GET /pilaru/admin/login/?next=/pilaru/admin/ HTTP/1.0" 200 2347 "-" "TelegramBot (like TwitterBot)"
 - - [16/Jun/2021:01:34:45 +0300] "GET /pilaru/admin/ HTTP/1.0" 200 9356 "-" "Mozilla/5.0 (Windows NT 10.0; WOW64) AppleWebKit/537.36 (KHTML, like Gecko) Chrome/91.0.4472.106 Safari/537.36"
 - - [16/Jun/2021:01:36:51 +0300] "GET /pilaru/ HTTP/1.0" 302 0 "-" "Mozilla/5.0 (Windows NT 10.0; WOW64) AppleWebKit/537.36 (KHTML, like Gecko) Chrome/91.0.4472.106 Safari/537.36"
 - - [16/Jun/2021:01:36:52 +0300] "GET /pilaru/items/search/ HTTP/1.0" 200 248785 "-" "Mozilla/5.0 (Windows NT 10.0; WOW64) AppleWebKit/537.36 (KHTML, like Gecko) Chrome/91.0.4472.106 Safari/537.36"
 - - [16/Jun/2021:01:37:29 +0300] "GET /pilaru/orders/active/ HTTP/1.0" 200 23173 "https://ssserver.cf/pilaru/items/search/" "Mozilla/5.0 (Windows NT 10.0; WOW64) AppleWebKit/537.36 (KHTML, like Gecko) Chrome/91.0.4472.106 Safari/537.36"
 - - [16/Jun/2021:16:11:57 +0300] "GET /pilaru/items/search/ HTTP/1.0" 200 247104 "-" "Mozilla/5.0 (Macintosh; Intel Mac OS X 10_15_7) AppleWebKit/537.36 (KHTML, like Gecko) Chrome/91.0.4472.101 Safari/537.36"
 - - [16/Jun/2021:16:12:13 +0300] "GET /pilaru/items/search/%D1%8D%D0%BB%D0%B5%D0%BA%D1%82%D1%80%D0%BE%D1%82%D0%B5%D1%85%D0%BD%D1%87%D0%B5%D1%81%D0%BA%D0%B8%D0%B5-%D1%82%D0%BE%D0%B2%D0%B0%D1%80%D1%8B HTTP/1.0" 200 39597 "https://ssserver.cf/pilaru/items/search/" "Mozilla/5.0 (Macintosh; Intel Mac OS X 10_15_7) AppleWebKit/537.36 (KHTML, like Gecko) Chrome/91.0.4472.101 Safari/537.36"
 - - [16/Jun/2021:16:12:16 +0300] "GET /pilaru/items/search/%D1%8D%D0%BB%D0%B5%D0%BA%D1%82%D1%80%D0%BE%D1%82%D0%B5%D1%85%D0%BD%D1%87%D0%B5%D1%81%D0%BA%D0%B8%D0%B5-%D1%82%D0%BE%D0%B2%D0%B0%D1%80%D1%8B--%D0%BE%D1%81%D0%B2%D0%B5%D1%89%D0%B5%D0%BD%D0%B8%D0%B5 HTTP/1.0" 200 23224 "https://ssserver.cf/pilaru/items/search/%D1%8D%D0%BB%D0%B5%D0%BA%D1%82%D1%80%D0%BE%D1%82%D0%B5%D1%85%D0%BD%D1%87%D0%B5%D1%81%D0%BA%D0%B8%D0%B5-%D1%82%D0%BE%D0%B2%D0%B0%D1%80%D1%8B" "Mozilla/5.0 (Macintosh; Intel Mac OS X 10_15_7) AppleWebKit/537.36 (KHTML, like Gecko) Chrome/91.0.4472.101 Safari/537.36"
 - - [16/Jun/2021:16:12:22 +0300] "GET /pilaru/items/search/ HTTP/1.0" 200 247104 "https://ssserver.cf/pilaru/items/search/%D1%8D%D0%BB%D0%B5%D0%BA%D1%82%D1%80%D0%BE%D1%82%D0%B5%D1%85%D0%BD%D1%87%D0%B5%D1%81%D0%BA%D0%B8%D0%B5-%D1%82%D0%BE%D0%B2%D0%B0%D1%80%D1%8B--%D0%BE%D1%81%D0%B2%D0%B5%D1%89%D0%B5%D0%BD%D0%B8%D0%B5" "Mozilla/5.0 (Macintosh; Intel Mac OS X 10_15_7) AppleWebKit/537.36 (KHTML, like Gecko) Chrome/91.0.4472.101 Safari/537.36"
Internal Server Error: /pilaru/orders/active/
Traceback (most recent call last):
  File "/home/babushka/tgbotsvenv/lib/python3.6/site-packages/django/core/handlers/exception.py", line 47, in inner
    response = get_response(request)
  File "/home/babushka/tgbotsvenv/lib/python3.6/site-packages/django/core/handlers/base.py", line 181, in _get_response
    response = wrapped_callback(request, *callback_args, **callback_kwargs)
  File "/home/babushka/tgbotsvenv/lib/python3.6/site-packages/django/views/generic/base.py", line 70, in view
    return self.dispatch(request, *args, **kwargs)
  File "/home/babushka/tgbotsvenv/lib/python3.6/site-packages/django/views/generic/base.py", line 98, in dispatch
    return handler(request, *args, **kwargs)
  File "/home/babushka/pilaru/orders/views.py", line 25, in get
    active_order = request.user.get_active_order()
  File "/home/babushka/tgbotsvenv/lib/python3.6/site-packages/django/utils/functional.py", line 241, in inner
    return func(self._wrapped, *args)
AttributeError: 'AnonymousUser' object has no attribute 'get_active_order'
 - - [16/Jun/2021:16:12:29 +0300] "GET /pilaru/orders/active/ HTTP/1.0" 500 69735 "https://ssserver.cf/pilaru/items/search/" "Mozilla/5.0 (Macintosh; Intel Mac OS X 10_15_7) AppleWebKit/537.36 (KHTML, like Gecko) Chrome/91.0.4472.101 Safari/537.36"
Internal Server Error: /pilaru/items/view/190
Traceback (most recent call last):
  File "/home/babushka/tgbotsvenv/lib/python3.6/site-packages/django/core/handlers/exception.py", line 47, in inner
    response = get_response(request)
  File "/home/babushka/tgbotsvenv/lib/python3.6/site-packages/django/core/handlers/base.py", line 181, in _get_response
    response = wrapped_callback(request, *callback_args, **callback_kwargs)
  File "/home/babushka/tgbotsvenv/lib/python3.6/site-packages/django/views/generic/base.py", line 70, in view
    return self.dispatch(request, *args, **kwargs)
  File "/home/babushka/tgbotsvenv/lib/python3.6/site-packages/django/views/generic/base.py", line 98, in dispatch
    return handler(request, *args, **kwargs)
  File "/home/babushka/tgbotsvenv/lib/python3.6/site-packages/django/views/generic/base.py", line 159, in get
    context = self.get_context_data(**kwargs)
  File "/home/babushka/pilaru/items/views.py", line 66, in get_context_data
    'active_order': self.request.user.get_active_order()
  File "/home/babushka/tgbotsvenv/lib/python3.6/site-packages/django/utils/functional.py", line 241, in inner
    return func(self._wrapped, *args)
AttributeError: 'AnonymousUser' object has no attribute 'get_active_order'
 - - [16/Jun/2021:16:13:20 +0300] "GET /pilaru/items/view/190 HTTP/1.0" 500 73624 "https://ssserver.cf/pilaru/items/search/" "Mozilla/5.0 (Macintosh; Intel Mac OS X 10_15_7) AppleWebKit/537.36 (KHTML, like Gecko) Chrome/91.0.4472.101 Safari/537.36"
Internal Server Error: /pilaru/items/view/353
Traceback (most recent call last):
  File "/home/babushka/tgbotsvenv/lib/python3.6/site-packages/django/core/handlers/exception.py", line 47, in inner
    response = get_response(request)
  File "/home/babushka/tgbotsvenv/lib/python3.6/site-packages/django/core/handlers/base.py", line 181, in _get_response
    response = wrapped_callback(request, *callback_args, **callback_kwargs)
  File "/home/babushka/tgbotsvenv/lib/python3.6/site-packages/django/views/generic/base.py", line 70, in view
    return self.dispatch(request, *args, **kwargs)
  File "/home/babushka/tgbotsvenv/lib/python3.6/site-packages/django/views/generic/base.py", line 98, in dispatch
    return handler(request, *args, **kwargs)
  File "/home/babushka/tgbotsvenv/lib/python3.6/site-packages/django/views/generic/base.py", line 159, in get
    context = self.get_context_data(**kwargs)
  File "/home/babushka/pilaru/items/views.py", line 66, in get_context_data
    'active_order': self.request.user.get_active_order()
  File "/home/babushka/tgbotsvenv/lib/python3.6/site-packages/django/utils/functional.py", line 241, in inner
    return func(self._wrapped, *args)
AttributeError: 'AnonymousUser' object has no attribute 'get_active_order'
 - - [16/Jun/2021:16:13:24 +0300] "GET /pilaru/items/view/353 HTTP/1.0" 500 73596 "https://ssserver.cf/pilaru/items/search/" "Mozilla/5.0 (Macintosh; Intel Mac OS X 10_15_7) AppleWebKit/537.36 (KHTML, like Gecko) Chrome/91.0.4472.101 Safari/537.36"
 - - [16/Jun/2021:16:13:35 +0300] "GET /pilaru/items/search/%D0%B8%D0%BD%D1%82%D0%B5%D1%80%D1%8C%D0%B5%D1%80-%D0%BE%D1%82%D0%B4%D0%B5%D0%BB%D0%BA%D0%B0 HTTP/1.0" 200 22335 "https://ssserver.cf/pilaru/items/search/" "Mozilla/5.0 (Macintosh; Intel Mac OS X 10_15_7) AppleWebKit/537.36 (KHTML, like Gecko) Chrome/91.0.4472.101 Safari/537.36"
Internal Server Error: /pilaru/items/view/43
Traceback (most recent call last):
  File "/home/babushka/tgbotsvenv/lib/python3.6/site-packages/django/core/handlers/exception.py", line 47, in inner
    response = get_response(request)
  File "/home/babushka/tgbotsvenv/lib/python3.6/site-packages/django/core/handlers/base.py", line 181, in _get_response
    response = wrapped_callback(request, *callback_args, **callback_kwargs)
  File "/home/babushka/tgbotsvenv/lib/python3.6/site-packages/django/views/generic/base.py", line 70, in view
    return self.dispatch(request, *args, **kwargs)
  File "/home/babushka/tgbotsvenv/lib/python3.6/site-packages/django/views/generic/base.py", line 98, in dispatch
    return handler(request, *args, **kwargs)
  File "/home/babushka/tgbotsvenv/lib/python3.6/site-packages/django/views/generic/base.py", line 159, in get
    context = self.get_context_data(**kwargs)
  File "/home/babushka/pilaru/items/views.py", line 66, in get_context_data
    'active_order': self.request.user.get_active_order()
  File "/home/babushka/tgbotsvenv/lib/python3.6/site-packages/django/utils/functional.py", line 241, in inner
    return func(self._wrapped, *args)
AttributeError: 'AnonymousUser' object has no attribute 'get_active_order'
 - - [16/Jun/2021:16:13:37 +0300] "GET /pilaru/items/view/43 HTTP/1.0" 500 73665 "https://ssserver.cf/pilaru/items/search/%D0%B8%D0%BD%D1%82%D0%B5%D1%80%D1%8C%D0%B5%D1%80-%D0%BE%D1%82%D0%B4%D0%B5%D0%BB%D0%BA%D0%B0" "Mozilla/5.0 (Macintosh; Intel Mac OS X 10_15_7) AppleWebKit/537.36 (KHTML, like Gecko) Chrome/91.0.4472.101 Safari/537.36"
 - - [16/Jun/2021:16:14:45 +0300] "GET /pilaru/accounts/login/ HTTP/1.0" 200 4247 "https://ssserver.cf/pilaru/items/search/%D0%B8%D0%BD%D1%82%D0%B5%D1%80%D1%8C%D0%B5%D1%80-%D0%BE%D1%82%D0%B4%D0%B5%D0%BB%D0%BA%D0%B0" "Mozilla/5.0 (Macintosh; Intel Mac OS X 10_15_7) AppleWebKit/537.36 (KHTML, like Gecko) Chrome/91.0.4472.101 Safari/537.36"
 - - [16/Jun/2021:16:15:58 +0300] "GET /pilaru/admin/ HTTP/1.0" 302 0 "-" "Mozilla/5.0 (Macintosh; Intel Mac OS X 10_15_7) AppleWebKit/537.36 (KHTML, like Gecko) Chrome/91.0.4472.101 Safari/537.36"
 - - [16/Jun/2021:16:15:59 +0300] "GET /pilaru/admin/login/?next=/pilaru/admin/ HTTP/1.0" 200 2347 "-" "Mozilla/5.0 (Macintosh; Intel Mac OS X 10_15_7) AppleWebKit/537.36 (KHTML, like Gecko) Chrome/91.0.4472.101 Safari/537.36"
 - - [16/Jun/2021:16:16:15 +0300] "POST /pilaru/admin/login/?next=/pilaru/admin/ HTTP/1.0" 302 0 "https://ssserver.cf/pilaru/admin/login/?next=/pilaru/admin/" "Mozilla/5.0 (Macintosh; Intel Mac OS X 10_15_7) AppleWebKit/537.36 (KHTML, like Gecko) Chrome/91.0.4472.101 Safari/537.36"
 - - [16/Jun/2021:16:16:15 +0300] "GET /pilaru/admin/ HTTP/1.0" 200 9356 "https://ssserver.cf/pilaru/admin/login/?next=/pilaru/admin/" "Mozilla/5.0 (Macintosh; Intel Mac OS X 10_15_7) AppleWebKit/537.36 (KHTML, like Gecko) Chrome/91.0.4472.101 Safari/537.36"
 - - [16/Jun/2021:16:17:32 +0300] "GET /pilaru/admin/items/itemcategory/ HTTP/1.0" 200 57181 "https://ssserver.cf/pilaru/admin/" "Mozilla/5.0 (Macintosh; Intel Mac OS X 10_15_7) AppleWebKit/537.36 (KHTML, like Gecko) Chrome/91.0.4472.101 Safari/537.36"
 - - [16/Jun/2021:16:17:32 +0300] "GET /pilaru/admin/jsi18n/ HTTP/1.0" 200 14892 "https://ssserver.cf/pilaru/admin/items/itemcategory/" "Mozilla/5.0 (Macintosh; Intel Mac OS X 10_15_7) AppleWebKit/537.36 (KHTML, like Gecko) Chrome/91.0.4472.101 Safari/537.36"
 - - [16/Jun/2021:16:17:44 +0300] "GET /pilaru/admin/items/supplier/ HTTP/1.0" 200 14336 "https://ssserver.cf/pilaru/admin/items/itemcategory/" "Mozilla/5.0 (Macintosh; Intel Mac OS X 10_15_7) AppleWebKit/537.36 (KHTML, like Gecko) Chrome/91.0.4472.101 Safari/537.36"
 - - [16/Jun/2021:16:17:44 +0300] "GET /pilaru/admin/jsi18n/ HTTP/1.0" 200 14892 "https://ssserver.cf/pilaru/admin/items/supplier/" "Mozilla/5.0 (Macintosh; Intel Mac OS X 10_15_7) AppleWebKit/537.36 (KHTML, like Gecko) Chrome/91.0.4472.101 Safari/537.36"
 - - [16/Jun/2021:16:17:51 +0300] "GET /pilaru/admin/items/supplier/7/change/ HTTP/1.0" 200 10513 "https://ssserver.cf/pilaru/admin/items/supplier/" "Mozilla/5.0 (Macintosh; Intel Mac OS X 10_15_7) AppleWebKit/537.36 (KHTML, like Gecko) Chrome/91.0.4472.101 Safari/537.36"
 - - [16/Jun/2021:16:17:51 +0300] "GET /pilaru/admin/jsi18n/ HTTP/1.0" 200 14892 "https://ssserver.cf/pilaru/admin/items/supplier/7/change/" "Mozilla/5.0 (Macintosh; Intel Mac OS X 10_15_7) AppleWebKit/537.36 (KHTML, like Gecko) Chrome/91.0.4472.101 Safari/537.36"
 - - [16/Jun/2021:16:17:54 +0300] "GET /pilaru/admin/items/supplier/ HTTP/1.0" 200 14336 "https://ssserver.cf/pilaru/admin/items/itemcategory/" "Mozilla/5.0 (Macintosh; Intel Mac OS X 10_15_7) AppleWebKit/537.36 (KHTML, like Gecko) Chrome/91.0.4472.101 Safari/537.36"
 - - [16/Jun/2021:16:17:56 +0300] "GET /pilaru/admin/items/supplier/5/change/ HTTP/1.0" 200 10513 "https://ssserver.cf/pilaru/admin/items/supplier/" "Mozilla/5.0 (Macintosh; Intel Mac OS X 10_15_7) AppleWebKit/537.36 (KHTML, like Gecko) Chrome/91.0.4472.101 Safari/537.36"
 - - [16/Jun/2021:16:17:56 +0300] "GET /pilaru/admin/jsi18n/ HTTP/1.0" 200 14892 "https://ssserver.cf/pilaru/admin/items/supplier/5/change/" "Mozilla/5.0 (Macintosh; Intel Mac OS X 10_15_7) AppleWebKit/537.36 (KHTML, like Gecko) Chrome/91.0.4472.101 Safari/537.36"
 - - [16/Jun/2021:16:17:59 +0300] "GET /pilaru/admin/items/supplier/ HTTP/1.0" 200 14336 "https://ssserver.cf/pilaru/admin/items/itemcategory/" "Mozilla/5.0 (Macintosh; Intel Mac OS X 10_15_7) AppleWebKit/537.36 (KHTML, like Gecko) Chrome/91.0.4472.101 Safari/537.36"
 - - [16/Jun/2021:16:18:00 +0300] "GET /pilaru/admin/items/itemcategory/ HTTP/1.0" 200 57181 "https://ssserver.cf/pilaru/admin/" "Mozilla/5.0 (Macintosh; Intel Mac OS X 10_15_7) AppleWebKit/537.36 (KHTML, like Gecko) Chrome/91.0.4472.101 Safari/537.36"
 - - [16/Jun/2021:16:18:03 +0300] "GET /pilaru/admin/items/itemcategory/83/change/ HTTP/1.0" 200 17757 "https://ssserver.cf/pilaru/admin/items/itemcategory/" "Mozilla/5.0 (Macintosh; Intel Mac OS X 10_15_7) AppleWebKit/537.36 (KHTML, like Gecko) Chrome/91.0.4472.101 Safari/537.36"
 - - [16/Jun/2021:16:18:03 +0300] "GET /pilaru/admin/jsi18n/ HTTP/1.0" 200 14892 "https://ssserver.cf/pilaru/admin/items/itemcategory/83/change/" "Mozilla/5.0 (Macintosh; Intel Mac OS X 10_15_7) AppleWebKit/537.36 (KHTML, like Gecko) Chrome/91.0.4472.101 Safari/537.36"
 - - [16/Jun/2021:16:18:10 +0300] "GET /pilaru/admin/items/itemcategory/ HTTP/1.0" 200 57181 "https://ssserver.cf/pilaru/admin/" "Mozilla/5.0 (Macintosh; Intel Mac OS X 10_15_7) AppleWebKit/537.36 (KHTML, like Gecko) Chrome/91.0.4472.101 Safari/537.36"
 - - [16/Jun/2021:16:21:35 +0300] "GET /pilaru/admin/items/itemcategory/?parent__id__exact=92 HTTP/1.0" 200 22136 "https://ssserver.cf/pilaru/admin/items/itemcategory/" "Mozilla/5.0 (Macintosh; Intel Mac OS X 10_15_7) AppleWebKit/537.36 (KHTML, like Gecko) Chrome/91.0.4472.101 Safari/537.36"
 - - [16/Jun/2021:16:21:36 +0300] "GET /pilaru/admin/jsi18n/ HTTP/1.0" 200 14892 "https://ssserver.cf/pilaru/admin/items/itemcategory/?parent__id__exact=92" "Mozilla/5.0 (Macintosh; Intel Mac OS X 10_15_7) AppleWebKit/537.36 (KHTML, like Gecko) Chrome/91.0.4472.101 Safari/537.36"
 - - [16/Jun/2021:16:21:39 +0300] "GET /pilaru/admin/items/ HTTP/1.0" 200 4498 "https://ssserver.cf/pilaru/admin/items/itemcategory/?parent__id__exact=92" "Mozilla/5.0 (Macintosh; Intel Mac OS X 10_15_7) AppleWebKit/537.36 (KHTML, like Gecko) Chrome/91.0.4472.101 Safari/537.36"
 - - [16/Jun/2021:16:21:44 +0300] "GET /pilaru/admin/items/supplier/ HTTP/1.0" 200 14336 "https://ssserver.cf/pilaru/admin/items/" "Mozilla/5.0 (Macintosh; Intel Mac OS X 10_15_7) AppleWebKit/537.36 (KHTML, like Gecko) Chrome/91.0.4472.101 Safari/537.36"
 - - [16/Jun/2021:16:21:44 +0300] "GET /pilaru/admin/jsi18n/ HTTP/1.0" 200 14892 "https://ssserver.cf/pilaru/admin/items/supplier/" "Mozilla/5.0 (Macintosh; Intel Mac OS X 10_15_7) AppleWebKit/537.36 (KHTML, like Gecko) Chrome/91.0.4472.101 Safari/537.36"
 - - [16/Jun/2021:16:46:57 +0300] "GET /pilaru/ HTTP/1.0" 302 0 "-" "Mozilla/5.0 (Windows NT 10.0; WOW64) AppleWebKit/537.36 (KHTML, like Gecko) Chrome/91.0.4472.106 Safari/537.36"
 - - [16/Jun/2021:16:46:57 +0300] "GET /pilaru/accounts/login/ HTTP/1.0" 200 4247 "-" "Mozilla/5.0 (Windows NT 10.0; WOW64) AppleWebKit/537.36 (KHTML, like Gecko) Chrome/91.0.4472.106 Safari/537.36"
 - - [16/Jun/2021:16:47:03 +0300] "GET /pilaru/accounts/registration/ HTTP/1.0" 200 4266 "https://ssserver.cf/pilaru/accounts/login/" "Mozilla/5.0 (Windows NT 10.0; WOW64) AppleWebKit/537.36 (KHTML, like Gecko) Chrome/91.0.4472.106 Safari/537.36"
 - - [16/Jun/2021:16:47:14 +0300] "POST /pilaru/accounts/registration/ HTTP/1.0" 302 0 "https://ssserver.cf/pilaru/accounts/registration/" "Mozilla/5.0 (Windows NT 10.0; WOW64) AppleWebKit/537.36 (KHTML, like Gecko) Chrome/91.0.4472.106 Safari/537.36"
 - - [16/Jun/2021:16:47:15 +0300] "GET /pilaru/items/search/ HTTP/1.0" 200 248799 "https://ssserver.cf/pilaru/accounts/registration/" "Mozilla/5.0 (Windows NT 10.0; WOW64) AppleWebKit/537.36 (KHTML, like Gecko) Chrome/91.0.4472.106 Safari/537.36"
 - - [16/Jun/2021:16:47:24 +0300] "GET /pilaru/accounts/logout/ HTTP/1.0" 302 0 "https://ssserver.cf/pilaru/items/search/" "Mozilla/5.0 (Windows NT 10.0; WOW64) AppleWebKit/537.36 (KHTML, like Gecko) Chrome/91.0.4472.106 Safari/537.36"
 - - [16/Jun/2021:16:47:24 +0300] "GET /pilaru/ HTTP/1.0" 302 0 "https://ssserver.cf/pilaru/items/search/" "Mozilla/5.0 (Windows NT 10.0; WOW64) AppleWebKit/537.36 (KHTML, like Gecko) Chrome/91.0.4472.106 Safari/537.36"
 - - [16/Jun/2021:16:47:24 +0300] "GET /pilaru/accounts/login/ HTTP/1.0" 200 4247 "https://ssserver.cf/pilaru/items/search/" "Mozilla/5.0 (Windows NT 10.0; WOW64) AppleWebKit/537.36 (KHTML, like Gecko) Chrome/91.0.4472.106 Safari/537.36"
 - - [16/Jun/2021:16:47:30 +0300] "GET /pilaru/ HTTP/1.0" 302 0 "-" "Mozilla/5.0 (Windows NT 10.0; WOW64) AppleWebKit/537.36 (KHTML, like Gecko) Chrome/91.0.4472.106 Safari/537.36"
 - - [16/Jun/2021:16:47:30 +0300] "GET /pilaru/accounts/login/ HTTP/1.0" 200 4247 "-" "Mozilla/5.0 (Windows NT 10.0; WOW64) AppleWebKit/537.36 (KHTML, like Gecko) Chrome/91.0.4472.106 Safari/537.36"
 - - [16/Jun/2021:16:47:34 +0300] "GET /pilaru/admin HTTP/1.0" 301 0 "-" "Mozilla/5.0 (Windows NT 10.0; WOW64) AppleWebKit/537.36 (KHTML, like Gecko) Chrome/91.0.4472.106 Safari/537.36"
 - - [16/Jun/2021:16:47:34 +0300] "GET /pilaru/admin/ HTTP/1.0" 302 0 "-" "Mozilla/5.0 (Windows NT 10.0; WOW64) AppleWebKit/537.36 (KHTML, like Gecko) Chrome/91.0.4472.106 Safari/537.36"
 - - [16/Jun/2021:16:47:34 +0300] "GET /pilaru/admin/login/?next=/pilaru/admin/ HTTP/1.0" 200 2347 "-" "Mozilla/5.0 (Windows NT 10.0; WOW64) AppleWebKit/537.36 (KHTML, like Gecko) Chrome/91.0.4472.106 Safari/537.36"
 - - [16/Jun/2021:16:48:53 +0300] "POST /pilaru/admin/login/?next=/pilaru/admin/ HTTP/1.0" 302 0 "https://ssserver.cf/pilaru/admin/login/?next=/pilaru/admin/" "Mozilla/5.0 (Windows NT 10.0; WOW64) AppleWebKit/537.36 (KHTML, like Gecko) Chrome/91.0.4472.106 Safari/537.36"
 - - [16/Jun/2021:16:48:53 +0300] "GET /pilaru/admin/ HTTP/1.0" 200 9356 "https://ssserver.cf/pilaru/admin/login/?next=/pilaru/admin/" "Mozilla/5.0 (Windows NT 10.0; WOW64) AppleWebKit/537.36 (KHTML, like Gecko) Chrome/91.0.4472.106 Safari/537.36"
 - - [16/Jun/2021:16:50:06 +0300] "GET /pilaru/accounts/registration/ HTTP/1.0" 200 4266 "https://ssserver.cf/pilaru/accounts/login/" "Mozilla/5.0 (Windows NT 10.0; WOW64) AppleWebKit/537.36 (KHTML, like Gecko) Chrome/91.0.4472.106 Safari/537.36"
 - - [16/Jun/2021:16:50:17 +0300] "POST /pilaru/accounts/registration/ HTTP/1.0" 302 0 "https://ssserver.cf/pilaru/accounts/registration/" "Mozilla/5.0 (Windows NT 10.0; WOW64) AppleWebKit/537.36 (KHTML, like Gecko) Chrome/91.0.4472.106 Safari/537.36"
 - - [16/Jun/2021:16:50:18 +0300] "GET /pilaru/items/search/ HTTP/1.0" 200 248795 "https://ssserver.cf/pilaru/accounts/registration/" "Mozilla/5.0 (Windows NT 10.0; WOW64) AppleWebKit/537.36 (KHTML, like Gecko) Chrome/91.0.4472.106 Safari/537.36"
 - - [16/Jun/2021:16:51:07 +0300] "GET /pilaru/items/search/%D1%8D%D0%BB%D0%B5%D0%BA%D1%82%D1%80%D0%BE%D1%82%D0%B5%D1%85%D0%BD%D1%87%D0%B5%D1%81%D0%BA%D0%B8%D0%B5-%D1%82%D0%BE%D0%B2%D0%B0%D1%80%D1%8B HTTP/1.0" 200 41288 "https://ssserver.cf/pilaru/items/search/" "Mozilla/5.0 (Windows NT 10.0; WOW64) AppleWebKit/537.36 (KHTML, like Gecko) Chrome/91.0.4472.106 Safari/537.36"
 - - [16/Jun/2021:16:51:09 +0300] "GET /pilaru/items/search/%D1%8D%D0%BB%D0%B5%D0%BA%D1%82%D1%80%D0%BE%D1%82%D0%B5%D1%85%D0%BD%D1%87%D0%B5%D1%81%D0%BA%D0%B8%D0%B5-%D1%82%D0%BE%D0%B2%D0%B0%D1%80%D1%8B--%D1%80%D0%BE%D0%B7%D0%B5%D1%82%D0%BA%D0%B8-%D0%B8-%D0%B2%D1%8B%D0%BA%D0%BB%D1%8E%D1%87%D0%B0%D1%82%D0%B5%D0%BB%D0%B8 HTTP/1.0" 200 31202 "https://ssserver.cf/pilaru/items/search/%D1%8D%D0%BB%D0%B5%D0%BA%D1%82%D1%80%D0%BE%D1%82%D0%B5%D1%85%D0%BD%D1%87%D0%B5%D1%81%D0%BA%D0%B8%D0%B5-%D1%82%D0%BE%D0%B2%D0%B0%D1%80%D1%8B" "Mozilla/5.0 (Windows NT 10.0; WOW64) AppleWebKit/537.36 (KHTML, like Gecko) Chrome/91.0.4472.106 Safari/537.36"
 - - [16/Jun/2021:16:51:11 +0300] "GET /pilaru/items/search/%D1%8D%D0%BB%D0%B5%D0%BA%D1%82%D1%80%D0%BE%D1%82%D0%B5%D1%85%D0%BD%D1%87%D0%B5%D1%81%D0%BA%D0%B8%D0%B5-%D1%82%D0%BE%D0%B2%D0%B0%D1%80%D1%8B--%D1%80%D0%BE%D0%B7%D0%B5%D1%82%D0%BA%D0%B8-%D0%B8-%D0%B2%D1%8B%D0%BA%D0%BB%D1%8E%D1%87%D0%B0%D1%82%D0%B5%D0%BB%D0%B8--%D1%8D%D0%BB%D0%B5%D0%BA%D1%82%D1%80%D0%B8%D0%BA%D0%B0 HTTP/1.0" 200 29402 "https://ssserver.cf/pilaru/items/search/%D1%8D%D0%BB%D0%B5%D0%BA%D1%82%D1%80%D0%BE%D1%82%D0%B5%D1%85%D0%BD%D1%87%D0%B5%D1%81%D0%BA%D0%B8%D0%B5-%D1%82%D0%BE%D0%B2%D0%B0%D1%80%D1%8B--%D1%80%D0%BE%D0%B7%D0%B5%D1%82%D0%BA%D0%B8-%D0%B8-%D0%B2%D1%8B%D0%BA%D0%BB%D1%8E%D1%87%D0%B0%D1%82%D0%B5%D0%BB%D0%B8" "Mozilla/5.0 (Windows NT 10.0; WOW64) AppleWebKit/537.36 (KHTML, like Gecko) Chrome/91.0.4472.106 Safari/537.36"
 - - [16/Jun/2021:16:51:19 +0300] "GET /pilaru/items/search/%D1%8D%D0%BB%D0%B5%D0%BA%D1%82%D1%80%D0%BE%D1%82%D0%B5%D1%85%D0%BD%D1%87%D0%B5%D1%81%D0%BA%D0%B8%D0%B5-%D1%82%D0%BE%D0%B2%D0%B0%D1%80%D1%8B--%D1%80%D0%BE%D0%B7%D0%B5%D1%82%D0%BA%D0%B8-%D0%B8-%D0%B2%D1%8B%D0%BA%D0%BB%D1%8E%D1%87%D0%B0%D1%82%D0%B5%D0%BB%D0%B8 HTTP/1.0" 200 31202 "https://ssserver.cf/pilaru/items/search/%D1%8D%D0%BB%D0%B5%D0%BA%D1%82%D1%80%D0%BE%D1%82%D0%B5%D1%85%D0%BD%D1%87%D0%B5%D1%81%D0%BA%D0%B8%D0%B5-%D1%82%D0%BE%D0%B2%D0%B0%D1%80%D1%8B--%D1%80%D0%BE%D0%B7%D0%B5%D1%82%D0%BA%D0%B8-%D0%B8-%D0%B2%D1%8B%D0%BA%D0%BB%D1%8E%D1%87%D0%B0%D1%82%D0%B5%D0%BB%D0%B8--%D1%8D%D0%BB%D0%B5%D0%BA%D1%82%D1%80%D0%B8%D0%BA%D0%B0" "Mozilla/5.0 (Windows NT 10.0; WOW64) AppleWebKit/537.36 (KHTML, like Gecko) Chrome/91.0.4472.106 Safari/537.36"
 - - [16/Jun/2021:16:51:22 +0300] "GET /pilaru/items/search/%D1%8D%D0%BB%D0%B5%D0%BA%D1%82%D1%80%D0%BE%D1%82%D0%B5%D1%85%D0%BD%D1%87%D0%B5%D1%81%D0%BA%D0%B8%D0%B5-%D1%82%D0%BE%D0%B2%D0%B0%D1%80%D1%8B HTTP/1.0" 200 41288 "https://ssserver.cf/pilaru/items/search/%D1%8D%D0%BB%D0%B5%D0%BA%D1%82%D1%80%D0%BE%D1%82%D0%B5%D1%85%D0%BD%D1%87%D0%B5%D1%81%D0%BA%D0%B8%D0%B5-%D1%82%D0%BE%D0%B2%D0%B0%D1%80%D1%8B--%D1%80%D0%BE%D0%B7%D0%B5%D1%82%D0%BA%D0%B8-%D0%B8-%D0%B2%D1%8B%D0%BA%D0%BB%D1%8E%D1%87%D0%B0%D1%82%D0%B5%D0%BB%D0%B8" "Mozilla/5.0 (Windows NT 10.0; WOW64) AppleWebKit/537.36 (KHTML, like Gecko) Chrome/91.0.4472.106 Safari/537.36"
 - - [16/Jun/2021:16:51:24 +0300] "GET /pilaru/items/search/ HTTP/1.0" 200 248795 "https://ssserver.cf/pilaru/items/search/%D1%8D%D0%BB%D0%B5%D0%BA%D1%82%D1%80%D0%BE%D1%82%D0%B5%D1%85%D0%BD%D1%87%D0%B5%D1%81%D0%BA%D0%B8%D0%B5-%D1%82%D0%BE%D0%B2%D0%B0%D1%80%D1%8B" "Mozilla/5.0 (Windows NT 10.0; WOW64) AppleWebKit/537.36 (KHTML, like Gecko) Chrome/91.0.4472.106 Safari/537.36"
 - - [16/Jun/2021:16:51:31 +0300] "GET /pilaru/items/view/159 HTTP/1.0" 200 25846 "https://ssserver.cf/pilaru/items/search/" "Mozilla/5.0 (Windows NT 10.0; WOW64) AppleWebKit/537.36 (KHTML, like Gecko) Chrome/91.0.4472.106 Safari/537.36"
 - - [16/Jun/2021:16:51:54 +0300] "POST /pilaru/orders/api/add_item_to_order HTTP/1.0" 200 15 "https://ssserver.cf/pilaru/items/view/159" "Mozilla/5.0 (Windows NT 10.0; WOW64) AppleWebKit/537.36 (KHTML, like Gecko) Chrome/91.0.4472.106 Safari/537.36"
 - - [16/Jun/2021:16:52:08 +0300] "POST /pilaru/orders/api/add_item_to_order HTTP/1.0" 200 15 "https://ssserver.cf/pilaru/items/view/159" "Mozilla/5.0 (Windows NT 10.0; WOW64) AppleWebKit/537.36 (KHTML, like Gecko) Chrome/91.0.4472.106 Safari/537.36"
 - - [16/Jun/2021:16:52:08 +0300] "POST /pilaru/orders/api/add_item_to_order HTTP/1.0" 200 15 "https://ssserver.cf/pilaru/items/view/159" "Mozilla/5.0 (Windows NT 10.0; WOW64) AppleWebKit/537.36 (KHTML, like Gecko) Chrome/91.0.4472.106 Safari/537.36"
 - - [16/Jun/2021:16:52:08 +0300] "POST /pilaru/orders/api/add_item_to_order HTTP/1.0" 200 15 "https://ssserver.cf/pilaru/items/view/159" "Mozilla/5.0 (Windows NT 10.0; WOW64) AppleWebKit/537.36 (KHTML, like Gecko) Chrome/91.0.4472.106 Safari/537.36"
 - - [16/Jun/2021:16:52:09 +0300] "POST /pilaru/orders/api/add_item_to_order HTTP/1.0" 200 15 "https://ssserver.cf/pilaru/items/view/159" "Mozilla/5.0 (Windows NT 10.0; WOW64) AppleWebKit/537.36 (KHTML, like Gecko) Chrome/91.0.4472.106 Safari/537.36"
 - - [16/Jun/2021:16:52:13 +0300] "GET /pilaru/items/view/159 HTTP/1.0" 200 25848 "https://ssserver.cf/pilaru/items/search/" "Mozilla/5.0 (Windows NT 10.0; WOW64) AppleWebKit/537.36 (KHTML, like Gecko) Chrome/91.0.4472.106 Safari/537.36"
 - - [16/Jun/2021:16:52:17 +0300] "GET /pilaru/items/view/484 HTTP/1.0" 200 24571 "https://ssserver.cf/pilaru/items/search/" "Mozilla/5.0 (Windows NT 10.0; WOW64) AppleWebKit/537.36 (KHTML, like Gecko) Chrome/91.0.4472.106 Safari/537.36"
 - - [16/Jun/2021:16:52:21 +0300] "POST /pilaru/orders/api/add_item_to_order HTTP/1.0" 200 15 "https://ssserver.cf/pilaru/items/view/484" "Mozilla/5.0 (Windows NT 10.0; WOW64) AppleWebKit/537.36 (KHTML, like Gecko) Chrome/91.0.4472.106 Safari/537.36"
 - - [16/Jun/2021:16:52:28 +0300] "GET /pilaru/orders/active/ HTTP/1.0" 200 24169 "https://ssserver.cf/pilaru/items/search/" "Mozilla/5.0 (Windows NT 10.0; WOW64) AppleWebKit/537.36 (KHTML, like Gecko) Chrome/91.0.4472.106 Safari/537.36"
 - - [16/Jun/2021:16:52:57 +0300] "POST /pilaru/orders/api/close_order HTTP/1.0" 200 15 "https://ssserver.cf/pilaru/orders/active/" "Mozilla/5.0 (Windows NT 10.0; WOW64) AppleWebKit/537.36 (KHTML, like Gecko) Chrome/91.0.4472.106 Safari/537.36"
 - - [16/Jun/2021:16:52:58 +0300] "GET /pilaru/items/search/ HTTP/1.0" 200 248795 "https://ssserver.cf/pilaru/orders/active/" "Mozilla/5.0 (Windows NT 10.0; WOW64) AppleWebKit/537.36 (KHTML, like Gecko) Chrome/91.0.4472.106 Safari/537.36"
 - - [16/Jun/2021:16:53:00 +0300] "GET /pilaru/orders/active/ HTTP/1.0" 200 24169 "https://ssserver.cf/pilaru/items/search/" "Mozilla/5.0 (Windows NT 10.0; WOW64) AppleWebKit/537.36 (KHTML, like Gecko) Chrome/91.0.4472.106 Safari/537.36"
 - - [16/Jun/2021:16:53:03 +0300] "GET /pilaru/items/search/ HTTP/1.0" 200 248795 "https://ssserver.cf/pilaru/orders/active/" "Mozilla/5.0 (Windows NT 10.0; WOW64) AppleWebKit/537.36 (KHTML, like Gecko) Chrome/91.0.4472.106 Safari/537.36"
 - - [18/Jun/2021:00:32:06 +0300] "GET /pilaru/ HTTP/1.0" 302 0 "-" "Mozilla/5.0 (Windows NT 10.0; WOW64) AppleWebKit/537.36 (KHTML, like Gecko) Chrome/91.0.4472.106 Safari/537.36"
 - - [18/Jun/2021:00:32:06 +0300] "GET /pilaru/accounts/login/ HTTP/1.0" 200 4247 "-" "Mozilla/5.0 (Windows NT 10.0; WOW64) AppleWebKit/537.36 (KHTML, like Gecko) Chrome/91.0.4472.106 Safari/537.36"
 - - [18/Jun/2021:00:32:17 +0300] "POST /pilaru/accounts/login/ HTTP/1.0" 302 0 "https://ssserver.cf/pilaru/accounts/login/" "Mozilla/5.0 (Windows NT 10.0; WOW64) AppleWebKit/537.36 (KHTML, like Gecko) Chrome/91.0.4472.106 Safari/537.36"
 - - [18/Jun/2021:00:32:17 +0300] "GET /pilaru/items/search/ HTTP/1.0" 200 248795 "https://ssserver.cf/pilaru/accounts/login/" "Mozilla/5.0 (Windows NT 10.0; WOW64) AppleWebKit/537.36 (KHTML, like Gecko) Chrome/91.0.4472.106 Safari/537.36"
 - - [18/Jun/2021:00:32:25 +0300] "GET /pilaru/items/view/122 HTTP/1.0" 200 24575 "https://ssserver.cf/pilaru/items/search/" "Mozilla/5.0 (Windows NT 10.0; WOW64) AppleWebKit/537.36 (KHTML, like Gecko) Chrome/91.0.4472.106 Safari/537.36"
 - - [18/Jun/2021:00:32:30 +0300] "GET /pilaru/orders/active/ HTTP/1.0" 200 24169 "https://ssserver.cf/pilaru/items/view/122" "Mozilla/5.0 (Windows NT 10.0; WOW64) AppleWebKit/537.36 (KHTML, like Gecko) Chrome/91.0.4472.106 Safari/537.36"
 - - [18/Jun/2021:00:32:43 +0300] "GET /pilaru/items/search/ HTTP/1.0" 200 248795 "https://ssserver.cf/pilaru/orders/active/" "Mozilla/5.0 (Windows NT 10.0; WOW64) AppleWebKit/537.36 (KHTML, like Gecko) Chrome/91.0.4472.106 Safari/537.36"
 - - [18/Jun/2021:00:32:52 +0300] "GET /pilaru/items/view/190 HTTP/1.0" 200 24793 "https://ssserver.cf/pilaru/items/search/" "Mozilla/5.0 (Windows NT 10.0; WOW64) AppleWebKit/537.36 (KHTML, like Gecko) Chrome/91.0.4472.106 Safari/537.36"
 - - [18/Jun/2021:00:33:56 +0300] "GET /pilaru/items/search/ HTTP/1.0" 200 248795 "https://ssserver.cf/pilaru/items/view/190" "Mozilla/5.0 (Windows NT 10.0; WOW64) AppleWebKit/537.36 (KHTML, like Gecko) Chrome/91.0.4472.106 Safari/537.36"
 - - [18/Jun/2021:00:33:58 +0300] "GET /pilaru/items/view/190 HTTP/1.0" 200 24793 "https://ssserver.cf/pilaru/items/search/" "Mozilla/5.0 (Windows NT 10.0; WOW64) AppleWebKit/537.36 (KHTML, like Gecko) Chrome/91.0.4472.106 Safari/537.36"
 - - [18/Jun/2021:00:34:05 +0300] "GET /pilaru/items/search/ HTTP/1.0" 200 248795 "https://ssserver.cf/pilaru/items/view/190" "Mozilla/5.0 (Windows NT 10.0; WOW64) AppleWebKit/537.36 (KHTML, like Gecko) Chrome/91.0.4472.106 Safari/537.36"
 - - [18/Jun/2021:00:34:07 +0300] "GET /pilaru/orders/active/ HTTP/1.0" 200 24169 "https://ssserver.cf/pilaru/items/search/" "Mozilla/5.0 (Windows NT 10.0; WOW64) AppleWebKit/537.36 (KHTML, like Gecko) Chrome/91.0.4472.106 Safari/537.36"
Internal Server Error: /pilaru/orders/active/
Traceback (most recent call last):
  File "/home/babushka/tgbotsvenv/lib/python3.6/site-packages/django/core/handlers/exception.py", line 47, in inner
    response = get_response(request)
  File "/home/babushka/tgbotsvenv/lib/python3.6/site-packages/django/core/handlers/base.py", line 181, in _get_response
    response = wrapped_callback(request, *callback_args, **callback_kwargs)
  File "/home/babushka/tgbotsvenv/lib/python3.6/site-packages/django/views/generic/base.py", line 70, in view
    return self.dispatch(request, *args, **kwargs)
  File "/home/babushka/tgbotsvenv/lib/python3.6/site-packages/django/views/generic/base.py", line 98, in dispatch
    return handler(request, *args, **kwargs)
  File "/home/babushka/pilaru/orders/views.py", line 25, in get
    active_order = request.user.get_active_order()
  File "/home/babushka/tgbotsvenv/lib/python3.6/site-packages/django/utils/functional.py", line 241, in inner
    return func(self._wrapped, *args)
AttributeError: 'AnonymousUser' object has no attribute 'get_active_order'
 - - [18/Jun/2021:00:38:02 +0300] "GET /pilaru/orders/active/ HTTP/1.0" 500 68942 "-" "TelegramBot (like TwitterBot)"
 - - [18/Jun/2021:00:38:04 +0300] "GET /pilaru/ HTTP/1.0" 302 0 "-" "TelegramBot (like TwitterBot)"
 - - [18/Jun/2021:00:38:04 +0300] "GET /pilaru/accounts/login/ HTTP/1.0" 200 4247 "-" "TelegramBot (like TwitterBot)"
[2021-06-22 12:56:57 +0000] [12839] [INFO] Handling signal: term
[2021-06-22 15:56:57 +0300] [12842] [INFO] Worker exiting (pid: 12842)
[2021-06-22 15:56:57 +0300] [12843] [INFO] Worker exiting (pid: 12843)
[2021-06-22 15:56:57 +0300] [12844] [INFO] Worker exiting (pid: 12844)
[2021-06-22 12:56:58 +0000] [12839] [INFO] Shutting down: Master
[2021-06-22 12:56:58 +0000] [9680] [INFO] Starting gunicorn 19.9.0
[2021-06-22 12:56:58 +0000] [9680] [INFO] Listening at: unix:/run/pilaru.sock (9680)
[2021-06-22 12:56:58 +0000] [9680] [INFO] Using worker: gevent
[2021-06-22 12:56:58 +0000] [9683] [INFO] Booting worker with pid: 9683
[2021-06-22 12:56:58 +0000] [9684] [INFO] Booting worker with pid: 9684
[2021-06-22 12:56:58 +0000] [9686] [INFO] Booting worker with pid: 9686
 - - [22/Jun/2021:15:57:03 +0300] "GET /pilaru/ HTTP/1.0" 302 0 "-" "Mozilla/5.0 (Windows NT 10.0; WOW64) AppleWebKit/537.36 (KHTML, like Gecko) Chrome/91.0.4472.106 Safari/537.36"
 - - [22/Jun/2021:15:57:03 +0300] "GET /pilaru/accounts/login/ HTTP/1.0" 200 4247 "-" "Mozilla/5.0 (Windows NT 10.0; WOW64) AppleWebKit/537.36 (KHTML, like Gecko) Chrome/91.0.4472.106 Safari/537.36"
 - - [22/Jun/2021:15:57:06 +0300] "GET /pilaru/accounts/login/ HTTP/1.0" 200 4247 "https://www.google.com/" "Mozilla/5.0 (Windows NT 10.0; Win64; x64) AppleWebKit/537.36 (KHTML, like Gecko) Chrome/91.0.4472.77 Safari/537.36"
 - - [22/Jun/2021:15:57:08 +0300] "GET /pilaru/ HTTP/1.0" 302 0 "-" "Mozilla/5.0 (Windows NT 10.0; WOW64) AppleWebKit/537.36 (KHTML, like Gecko) Chrome/91.0.4472.106 Safari/537.36"
 - - [22/Jun/2021:15:57:08 +0300] "GET /pilaru/accounts/login/ HTTP/1.0" 200 4247 "-" "Mozilla/5.0 (Windows NT 10.0; WOW64) AppleWebKit/537.36 (KHTML, like Gecko) Chrome/91.0.4472.106 Safari/537.36"
 - - [22/Jun/2021:15:57:13 +0300] "GET /pilaru/accounts/registration/ HTTP/1.0" 200 4266 "https://ssserver.cf/pilaru/accounts/login/" "Mozilla/5.0 (Windows NT 10.0; WOW64) AppleWebKit/537.36 (KHTML, like Gecko) Chrome/91.0.4472.106 Safari/537.36"
 - - [22/Jun/2021:15:57:23 +0300] "POST /pilaru/accounts/registration/ HTTP/1.0" 302 0 "https://ssserver.cf/pilaru/accounts/registration/" "Mozilla/5.0 (Windows NT 10.0; WOW64) AppleWebKit/537.36 (KHTML, like Gecko) Chrome/91.0.4472.106 Safari/537.36"
 - - [22/Jun/2021:15:57:24 +0300] "GET /pilaru/items/search/ HTTP/1.0" 200 278423 "https://ssserver.cf/pilaru/accounts/registration/" "Mozilla/5.0 (Windows NT 10.0; WOW64) AppleWebKit/537.36 (KHTML, like Gecko) Chrome/91.0.4472.106 Safari/537.36"
 - - [22/Jun/2021:15:57:26 +0300] "GET /pilaru/items/search/ HTTP/1.0" 200 276732 "https://www.google.com/" "Mozilla/5.0 (Windows NT 6.3; WOW64) AppleWebKit/537.11 (KHTML, like Gecko) Chrome/23.0.1271.64 Safari/537.11"
 - - [22/Jun/2021:15:57:33 +0300] "GET /pilaru/items/view/1 HTTP/1.0" 200 27073 "https://ssserver.cf/pilaru/items/search/" "Mozilla/5.0 (Windows NT 10.0; WOW64) AppleWebKit/537.36 (KHTML, like Gecko) Chrome/91.0.4472.106 Safari/537.36"
 - - [22/Jun/2021:15:57:41 +0300] "GET /pilaru/items/search/%D0%BA%D1%80%D0%B5%D0%BF%D0%B5%D0%B6-%D1%84%D1%83%D1%80%D0%BD%D0%B8%D1%82%D1%83%D1%80%D0%B0 HTTP/1.0" 200 44142 "https://ssserver.cf/pilaru/items/search/" "Mozilla/5.0 (Windows NT 10.0; WOW64) AppleWebKit/537.36 (KHTML, like Gecko) Chrome/91.0.4472.106 Safari/537.36"
 - - [22/Jun/2021:15:57:43 +0300] "GET /pilaru/items/search/ HTTP/1.0" 200 278423 "https://ssserver.cf/pilaru/items/search/%D0%BA%D1%80%D0%B5%D0%BF%D0%B5%D0%B6-%D1%84%D1%83%D1%80%D0%BD%D0%B8%D1%82%D1%83%D1%80%D0%B0" "Mozilla/5.0 (Windows NT 10.0; WOW64) AppleWebKit/537.36 (KHTML, like Gecko) Chrome/91.0.4472.106 Safari/537.36"
 - - [22/Jun/2021:15:57:47 +0300] "GET /pilaru/items/view/1 HTTP/1.0" 200 27073 "https://ssserver.cf/pilaru/items/search/" "Mozilla/5.0 (Windows NT 10.0; WOW64) AppleWebKit/537.36 (KHTML, like Gecko) Chrome/91.0.4472.106 Safari/537.36"
 - - [22/Jun/2021:15:57:54 +0300] "GET /pilaru/accounts/login/ HTTP/1.0" 200 4247 "https://www.google.com/" "Mozilla/5.0 (Linux; Android 10; SM-G960U) AppleWebKit/537.36 (KHTML, like Gecko) Chrome/91.0.4472.88 Mobile Safari/537.36"
 - - [22/Jun/2021:15:57:54 +0300] "GET /pilaru/items/view/529 HTTP/1.0" 200 26379 "-" "Mozilla/5.0 (Windows NT 10.0; WOW64) AppleWebKit/537.36 (KHTML, like Gecko) Chrome/91.0.4472.106 Safari/537.36"
 - - [22/Jun/2021:15:58:10 +0300] "GET /pilaru/admin HTTP/1.0" 301 0 "-" "Mozilla/5.0 (Windows NT 10.0; WOW64) AppleWebKit/537.36 (KHTML, like Gecko) Chrome/91.0.4472.106 Safari/537.36"
 - - [22/Jun/2021:15:58:10 +0300] "GET /pilaru/admin/ HTTP/1.0" 302 0 "-" "Mozilla/5.0 (Windows NT 10.0; WOW64) AppleWebKit/537.36 (KHTML, like Gecko) Chrome/91.0.4472.106 Safari/537.36"
 - - [22/Jun/2021:15:58:10 +0300] "GET /pilaru/admin/login/?next=/pilaru/admin/ HTTP/1.0" 200 2679 "-" "Mozilla/5.0 (Windows NT 10.0; WOW64) AppleWebKit/537.36 (KHTML, like Gecko) Chrome/91.0.4472.106 Safari/537.36"
 - - [22/Jun/2021:15:58:12 +0300] "GET /pilaru/admin/ HTTP/1.0" 302 0 "https://www.google.com/" "Mozilla/5.0 (Windows NT 10.0; Win64; x64) AppleWebKit/537.36 (KHTML, like Gecko) Chrome/91.0.4472.77 Safari/537.36"
 - - [22/Jun/2021:15:58:13 +0300] "GET /pilaru/admin/login/?next=/pilaru/admin/ HTTP/1.0" 200 2347 "-" "Mozilla/5.0 (Windows NT 10.0; Win64; x64) AppleWebKit/537.36 (KHTML, like Gecko) Chrome/91.0.4472.77 Safari/537.36"
 - - [22/Jun/2021:16:01:33 +0300] "POST /pilaru/admin/login/?next=/pilaru/admin/ HTTP/1.0" 302 0 "https://ssserver.cf/pilaru/admin/login/?next=/pilaru/admin/" "Mozilla/5.0 (Windows NT 10.0; WOW64) AppleWebKit/537.36 (KHTML, like Gecko) Chrome/91.0.4472.106 Safari/537.36"
 - - [22/Jun/2021:16:01:33 +0300] "GET /pilaru/admin/ HTTP/1.0" 200 9356 "https://ssserver.cf/pilaru/admin/login/?next=/pilaru/admin/" "Mozilla/5.0 (Windows NT 10.0; WOW64) AppleWebKit/537.36 (KHTML, like Gecko) Chrome/91.0.4472.106 Safari/537.36"
 - - [22/Jun/2021:16:01:38 +0300] "GET /pilaru/admin/items/product/ HTTP/1.0" 200 60292 "https://ssserver.cf/pilaru/admin/" "Mozilla/5.0 (Windows NT 10.0; WOW64) AppleWebKit/537.36 (KHTML, like Gecko) Chrome/91.0.4472.106 Safari/537.36"
 - - [22/Jun/2021:16:01:39 +0300] "GET /pilaru/admin/jsi18n/ HTTP/1.0" 200 14892 "https://ssserver.cf/pilaru/admin/items/product/" "Mozilla/5.0 (Windows NT 10.0; WOW64) AppleWebKit/537.36 (KHTML, like Gecko) Chrome/91.0.4472.106 Safari/537.36"
 - - [22/Jun/2021:16:01:58 +0300] "GET /pilaru/admin/items/product/445/change/ HTTP/1.0" 200 67421 "https://ssserver.cf/pilaru/admin/items/product/" "Mozilla/5.0 (Windows NT 10.0; WOW64) AppleWebKit/537.36 (KHTML, like Gecko) Chrome/91.0.4472.106 Safari/537.36"
 - - [22/Jun/2021:16:01:59 +0300] "GET /pilaru/admin/jsi18n/ HTTP/1.0" 200 14892 "https://ssserver.cf/pilaru/admin/items/product/445/change/" "Mozilla/5.0 (Windows NT 10.0; WOW64) AppleWebKit/537.36 (KHTML, like Gecko) Chrome/91.0.4472.106 Safari/537.36"
 - - [22/Jun/2021:16:08:27 +0300] "GET /pilaru/admin/items/product/445/change/ HTTP/1.0" 200 67421 "https://ssserver.cf/pilaru/admin/items/product/" "Mozilla/5.0 (Windows NT 10.0; WOW64) AppleWebKit/537.36 (KHTML, like Gecko) Chrome/91.0.4472.106 Safari/537.36"
 - - [22/Jun/2021:16:08:27 +0300] "GET /pilaru/admin/jsi18n/ HTTP/1.0" 200 14892 "https://ssserver.cf/pilaru/admin/items/product/445/change/" "Mozilla/5.0 (Windows NT 10.0; WOW64) AppleWebKit/537.36 (KHTML, like Gecko) Chrome/91.0.4472.106 Safari/537.36"
[2021-06-22 13:29:52 +0000] [9680] [INFO] Handling signal: term
[2021-06-22 16:29:53 +0300] [9684] [INFO] Worker exiting (pid: 9684)
[2021-06-22 16:29:53 +0300] [9686] [INFO] Worker exiting (pid: 9686)
[2021-06-22 16:29:53 +0300] [9683] [INFO] Worker exiting (pid: 9683)
[2021-06-22 13:29:53 +0000] [9680] [INFO] Shutting down: Master
[2021-06-22 13:29:53 +0000] [11989] [INFO] Starting gunicorn 19.9.0
[2021-06-22 13:29:53 +0000] [11989] [INFO] Listening at: unix:/run/pilaru.sock (11989)
[2021-06-22 13:29:53 +0000] [11989] [INFO] Using worker: gevent
[2021-06-22 13:29:53 +0000] [11992] [INFO] Booting worker with pid: 11992
[2021-06-22 13:29:53 +0000] [11993] [INFO] Booting worker with pid: 11993
[2021-06-22 13:29:53 +0000] [11995] [INFO] Booting worker with pid: 11995
 - - [22/Jun/2021:16:30:00 +0300] "GET /pilaru/items/view/529 HTTP/1.0" 200 26369 "-" "Mozilla/5.0 (Windows NT 10.0; WOW64) AppleWebKit/537.36 (KHTML, like Gecko) Chrome/91.0.4472.106 Safari/537.36"
 - - [22/Jun/2021:16:30:03 +0300] "GET /pilaru/items/view/1 HTTP/1.0" 200 27063 "https://ssserver.cf/pilaru/items/search/" "Mozilla/5.0 (Windows NT 10.0; WOW64) AppleWebKit/537.36 (KHTML, like Gecko) Chrome/91.0.4472.106 Safari/537.36"
 - - [22/Jun/2021:16:30:24 +0300] "GET /pilaru/admin/items/product/473/change/ HTTP/1.0" 200 67451 "-" "Mozilla/5.0 (Windows NT 10.0; WOW64) AppleWebKit/537.36 (KHTML, like Gecko) Chrome/91.0.4472.106 Safari/537.36"
 - - [22/Jun/2021:16:30:24 +0300] "GET /pilaru/admin/jsi18n/ HTTP/1.0" 200 14892 "https://ssserver.cf/pilaru/admin/items/product/473/change/" "Mozilla/5.0 (Windows NT 10.0; WOW64) AppleWebKit/537.36 (KHTML, like Gecko) Chrome/91.0.4472.106 Safari/537.36"
 - - [22/Jun/2021:16:30:45 +0300] "POST /pilaru/admin/items/product/473/change/ HTTP/1.0" 302 0 "https://ssserver.cf/pilaru/admin/items/product/473/change/" "Mozilla/5.0 (Windows NT 10.0; WOW64) AppleWebKit/537.36 (KHTML, like Gecko) Chrome/91.0.4472.106 Safari/537.36"
 - - [22/Jun/2021:16:30:45 +0300] "GET /pilaru/admin/items/product/ HTTP/1.0" 200 62849 "https://ssserver.cf/pilaru/admin/items/product/473/change/" "Mozilla/5.0 (Windows NT 10.0; WOW64) AppleWebKit/537.36 (KHTML, like Gecko) Chrome/91.0.4472.106 Safari/537.36"
 - - [22/Jun/2021:16:30:45 +0300] "GET /pilaru/admin/jsi18n/ HTTP/1.0" 200 14892 "https://ssserver.cf/pilaru/admin/items/product/" "Mozilla/5.0 (Windows NT 10.0; WOW64) AppleWebKit/537.36 (KHTML, like Gecko) Chrome/91.0.4472.106 Safari/537.36"
 - - [22/Jun/2021:16:30:49 +0300] "GET /pilaru/items/view/427 HTTP/1.0" 200 27099 "-" "Mozilla/5.0 (Windows NT 10.0; WOW64) AppleWebKit/537.36 (KHTML, like Gecko) Chrome/91.0.4472.106 Safari/537.36"
 - - [22/Jun/2021:16:30:54 +0300] "GET /pilaru/admin/items/product/473/change/ HTTP/1.0" 200 67487 "https://ssserver.cf/pilaru/admin/items/product/" "Mozilla/5.0 (Windows NT 10.0; WOW64) AppleWebKit/537.36 (KHTML, like Gecko) Chrome/91.0.4472.106 Safari/537.36"
 - - [22/Jun/2021:16:30:54 +0300] "GET /pilaru/admin/jsi18n/ HTTP/1.0" 200 14892 "https://ssserver.cf/pilaru/admin/items/product/473/change/" "Mozilla/5.0 (Windows NT 10.0; WOW64) AppleWebKit/537.36 (KHTML, like Gecko) Chrome/91.0.4472.106 Safari/537.36"
 - - [22/Jun/2021:16:30:58 +0300] "GET /pilaru/items/view/473 HTTP/1.0" 200 46808 "-" "Mozilla/5.0 (Windows NT 10.0; WOW64) AppleWebKit/537.36 (KHTML, like Gecko) Chrome/91.0.4472.106 Safari/537.36"
 - - [22/Jun/2021:16:31:01 +0300] "GET /pilaru/items/view/399 HTTP/1.0" 200 32166 "https://ssserver.cf/pilaru/items/view/473" "Mozilla/5.0 (Windows NT 10.0; WOW64) AppleWebKit/537.36 (KHTML, like Gecko) Chrome/91.0.4472.106 Safari/537.36"
Internal Server Error: /pilaru/items/view/473
Traceback (most recent call last):
  File "/home/babushka/tgbotsvenv/lib/python3.6/site-packages/django/core/handlers/exception.py", line 47, in inner
    response = get_response(request)
  File "/home/babushka/tgbotsvenv/lib/python3.6/site-packages/django/core/handlers/base.py", line 181, in _get_response
    response = wrapped_callback(request, *callback_args, **callback_kwargs)
  File "/home/babushka/tgbotsvenv/lib/python3.6/site-packages/django/views/generic/base.py", line 70, in view
    return self.dispatch(request, *args, **kwargs)
  File "/home/babushka/tgbotsvenv/lib/python3.6/site-packages/django/views/generic/base.py", line 98, in dispatch
    return handler(request, *args, **kwargs)
  File "/home/babushka/tgbotsvenv/lib/python3.6/site-packages/django/views/generic/base.py", line 159, in get
    context = self.get_context_data(**kwargs)
  File "/home/babushka/pilaru/items/views.py", line 66, in get_context_data
    'active_order': self.request.user.get_active_order()
  File "/home/babushka/tgbotsvenv/lib/python3.6/site-packages/django/utils/functional.py", line 241, in inner
    return func(self._wrapped, *args)
AttributeError: 'AnonymousUser' object has no attribute 'get_active_order'
 - - [22/Jun/2021:16:33:32 +0300] "GET /pilaru/items/view/473 HTTP/1.0" 500 73171 "-" "TelegramBot (like TwitterBot)"
Internal Server Error: /pilaru/items/view/473
Traceback (most recent call last):
  File "/home/babushka/tgbotsvenv/lib/python3.6/site-packages/django/core/handlers/exception.py", line 47, in inner
    response = get_response(request)
  File "/home/babushka/tgbotsvenv/lib/python3.6/site-packages/django/core/handlers/base.py", line 181, in _get_response
    response = wrapped_callback(request, *callback_args, **callback_kwargs)
  File "/home/babushka/tgbotsvenv/lib/python3.6/site-packages/django/views/generic/base.py", line 70, in view
    return self.dispatch(request, *args, **kwargs)
  File "/home/babushka/tgbotsvenv/lib/python3.6/site-packages/django/views/generic/base.py", line 98, in dispatch
    return handler(request, *args, **kwargs)
  File "/home/babushka/tgbotsvenv/lib/python3.6/site-packages/django/views/generic/base.py", line 159, in get
    context = self.get_context_data(**kwargs)
  File "/home/babushka/pilaru/items/views.py", line 66, in get_context_data
    'active_order': self.request.user.get_active_order()
  File "/home/babushka/tgbotsvenv/lib/python3.6/site-packages/django/utils/functional.py", line 241, in inner
    return func(self._wrapped, *args)
AttributeError: 'AnonymousUser' object has no attribute 'get_active_order'
 - - [24/Jun/2021:13:33:16 +0300] "GET /pilaru/items/view/473 HTTP/1.0" 500 74016 "-" "Mozilla/5.0 (Macintosh; Intel Mac OS X 10_15_7) AppleWebKit/537.36 (KHTML, like Gecko) Chrome/91.0.4472.101 Safari/537.36"
Internal Server Error: /pilaru/items/view/473
Traceback (most recent call last):
  File "/home/babushka/tgbotsvenv/lib/python3.6/site-packages/django/core/handlers/exception.py", line 47, in inner
    response = get_response(request)
  File "/home/babushka/tgbotsvenv/lib/python3.6/site-packages/django/core/handlers/base.py", line 181, in _get_response
    response = wrapped_callback(request, *callback_args, **callback_kwargs)
  File "/home/babushka/tgbotsvenv/lib/python3.6/site-packages/django/views/generic/base.py", line 70, in view
    return self.dispatch(request, *args, **kwargs)
  File "/home/babushka/tgbotsvenv/lib/python3.6/site-packages/django/views/generic/base.py", line 98, in dispatch
    return handler(request, *args, **kwargs)
  File "/home/babushka/tgbotsvenv/lib/python3.6/site-packages/django/views/generic/base.py", line 159, in get
    context = self.get_context_data(**kwargs)
  File "/home/babushka/pilaru/items/views.py", line 66, in get_context_data
    'active_order': self.request.user.get_active_order()
  File "/home/babushka/tgbotsvenv/lib/python3.6/site-packages/django/utils/functional.py", line 241, in inner
    return func(self._wrapped, *args)
AttributeError: 'AnonymousUser' object has no attribute 'get_active_order'
 - - [24/Jun/2021:13:52:12 +0300] "GET /pilaru/items/view/473 HTTP/1.0" 500 74157 "android-app://org.telegram.messenger/" "Mozilla/5.0 (Linux; Android 10; SM-G960F) AppleWebKit/537.36 (KHTML, like Gecko) Chrome/91.0.4472.114 Mobile Safari/537.36"
Internal Server Error: /pilaru/items/view/473
Traceback (most recent call last):
  File "/home/babushka/tgbotsvenv/lib/python3.6/site-packages/django/core/handlers/exception.py", line 47, in inner
    response = get_response(request)
  File "/home/babushka/tgbotsvenv/lib/python3.6/site-packages/django/core/handlers/base.py", line 181, in _get_response
    response = wrapped_callback(request, *callback_args, **callback_kwargs)
  File "/home/babushka/tgbotsvenv/lib/python3.6/site-packages/django/views/generic/base.py", line 70, in view
    return self.dispatch(request, *args, **kwargs)
  File "/home/babushka/tgbotsvenv/lib/python3.6/site-packages/django/views/generic/base.py", line 98, in dispatch
    return handler(request, *args, **kwargs)
  File "/home/babushka/tgbotsvenv/lib/python3.6/site-packages/django/views/generic/base.py", line 159, in get
    context = self.get_context_data(**kwargs)
  File "/home/babushka/pilaru/items/views.py", line 66, in get_context_data
    'active_order': self.request.user.get_active_order()
  File "/home/babushka/tgbotsvenv/lib/python3.6/site-packages/django/utils/functional.py", line 241, in inner
    return func(self._wrapped, *args)
AttributeError: 'AnonymousUser' object has no attribute 'get_active_order'
 - - [24/Jun/2021:13:52:15 +0300] "GET /pilaru/items/view/473 HTTP/1.0" 500 72825 "https://www.google.com/" "Mozilla/5.0 (Linux; Android 10; SAMSUNG SM-G960U) AppleWebKit/537.36 (KHTML, like Gecko) SamsungBrowser/14.0 Chrome/87.0.4280.141 Mobile Safari/537.36"
 - - [24/Jun/2021:13:54:45 +0300] "GET /pilaru/ HTTP/1.0" 302 0 "-" "TelegramBot (like TwitterBot)"
 - - [24/Jun/2021:13:54:45 +0300] "GET /pilaru/accounts/login/ HTTP/1.0" 200 4247 "-" "TelegramBot (like TwitterBot)"
 - - [24/Jun/2021:13:54:55 +0300] "GET /pilaru/ HTTP/1.0" 302 0 "android-app://org.telegram.messenger/" "Mozilla/5.0 (Linux; Android 10; SM-G960F) AppleWebKit/537.36 (KHTML, like Gecko) Chrome/91.0.4472.114 Mobile Safari/537.36"
 - - [24/Jun/2021:13:54:56 +0300] "GET /pilaru/accounts/login/ HTTP/1.0" 200 4247 "-" "Mozilla/5.0 (Linux; Android 10; SM-G960F) AppleWebKit/537.36 (KHTML, like Gecko) Chrome/91.0.4472.114 Mobile Safari/537.36"
 - - [27/Jun/2021:02:22:16 +0300] "GET /pilaru/ HTTP/1.0" 302 0 "-" "Mozilla/5.0 (iPhone; CPU iPhone OS 14_5_1 like Mac OS X) AppleWebKit/605.1.15 (KHTML, like Gecko) Version/14.1 Mobile/15E148 Safari/604.1"
 - - [27/Jun/2021:02:22:16 +0300] "GET /pilaru/accounts/login/ HTTP/1.0" 200 4247 "-" "Mozilla/5.0 (iPhone; CPU iPhone OS 14_5_1 like Mac OS X) AppleWebKit/605.1.15 (KHTML, like Gecko) Version/14.1 Mobile/15E148 Safari/604.1"
 - - [27/Jun/2021:02:22:45 +0300] "GET /pilaru/ HTTP/1.0" 302 0 "-" "Mozilla/5.0 (Windows NT 10.0; Win64; x64) AppleWebKit/537.36 (KHTML, like Gecko) Chrome/90.0.4430.212 Safari/537.36 OPR/76.0.4017.208"
 - - [27/Jun/2021:02:22:45 +0300] "GET /pilaru/accounts/login/ HTTP/1.0" 200 4247 "-" "Mozilla/5.0 (Windows NT 10.0; Win64; x64) AppleWebKit/537.36 (KHTML, like Gecko) Chrome/90.0.4430.212 Safari/537.36 OPR/76.0.4017.208"
 - - [27/Jun/2021:10:25:23 +0300] "GET /pilaru/ HTTP/1.0" 302 0 "-" "Mozilla/5.0 (iPhone; CPU iPhone OS 14_0 like Mac OS X) AppleWebKit/605.1.15 (KHTML, like Gecko) Version/14.0 Mobile/15E148 Safari/604.1"
 - - [27/Jun/2021:10:25:24 +0300] "GET /pilaru/accounts/login/ HTTP/1.0" 200 4247 "-" "Mozilla/5.0 (iPhone; CPU iPhone OS 14_0 like Mac OS X) AppleWebKit/605.1.15 (KHTML, like Gecko) Version/14.0 Mobile/15E148 Safari/604.1"
 - - [08/Jul/2021:18:13:04 +0300] "GET /pilaru/ HTTP/1.0" 302 0 "-" "Mozilla/5.0 (Windows NT 10.0; WOW64) AppleWebKit/537.36 (KHTML, like Gecko) Chrome/91.0.4472.124 Safari/537.36"
 - - [08/Jul/2021:18:13:04 +0300] "GET /pilaru/accounts/login/ HTTP/1.0" 200 4247 "-" "Mozilla/5.0 (Windows NT 10.0; WOW64) AppleWebKit/537.36 (KHTML, like Gecko) Chrome/91.0.4472.124 Safari/537.36"
 - - [08/Jul/2021:18:13:09 +0300] "GET /pilaru/ HTTP/1.0" 302 0 "https://www.google.com/" "Mozilla/5.0 (Windows NT 10.0; Win64; x64) AppleWebKit/537.36 (KHTML, like Gecko) Chrome/91.0.4472.77 Safari/537.36"
 - - [08/Jul/2021:18:13:10 +0300] "GET /pilaru/accounts/login/ HTTP/1.0" 200 4247 "-" "Mozilla/5.0 (Windows NT 10.0; Win64; x64) AppleWebKit/537.36 (KHTML, like Gecko) Chrome/91.0.4472.77 Safari/537.36"
 - - [08/Jul/2021:18:13:28 +0300] "POST /pilaru/accounts/login/ HTTP/1.0" 302 0 "https://ssserver.cf/pilaru/accounts/login/" "Mozilla/5.0 (Windows NT 10.0; WOW64) AppleWebKit/537.36 (KHTML, like Gecko) Chrome/91.0.4472.124 Safari/537.36"
 - - [08/Jul/2021:18:13:29 +0300] "GET /pilaru/items/search/ HTTP/1.0" 200 278423 "https://ssserver.cf/pilaru/accounts/login/" "Mozilla/5.0 (Windows NT 10.0; WOW64) AppleWebKit/537.36 (KHTML, like Gecko) Chrome/91.0.4472.124 Safari/537.36"
 - - [08/Jul/2021:18:13:42 +0300] "GET /pilaru/orders/active/ HTTP/1.0" 200 20443 "https://ssserver.cf/pilaru/items/search/" "Mozilla/5.0 (Windows NT 10.0; WOW64) AppleWebKit/537.36 (KHTML, like Gecko) Chrome/91.0.4472.124 Safari/537.36"
Internal Server Error: /pilaru/orders/active/
Traceback (most recent call last):
  File "/home/babushka/tgbotsvenv/lib/python3.6/site-packages/django/core/handlers/exception.py", line 47, in inner
    response = get_response(request)
  File "/home/babushka/tgbotsvenv/lib/python3.6/site-packages/django/core/handlers/base.py", line 181, in _get_response
    response = wrapped_callback(request, *callback_args, **callback_kwargs)
  File "/home/babushka/tgbotsvenv/lib/python3.6/site-packages/django/views/generic/base.py", line 70, in view
    return self.dispatch(request, *args, **kwargs)
  File "/home/babushka/tgbotsvenv/lib/python3.6/site-packages/django/views/generic/base.py", line 98, in dispatch
    return handler(request, *args, **kwargs)
  File "/home/babushka/pilaru/orders/views.py", line 25, in get
    active_order = request.user.get_active_order()
  File "/home/babushka/tgbotsvenv/lib/python3.6/site-packages/django/utils/functional.py", line 241, in inner
    return func(self._wrapped, *args)
AttributeError: 'AnonymousUser' object has no attribute 'get_active_order'
 - - [08/Jul/2021:18:13:43 +0300] "GET /pilaru/orders/active/ HTTP/1.0" 500 68946 "https://www.google.com/" "Mozilla/5.0 (Windows NT 10.0; Win64; x64) AppleWebKit/537.36 (KHTML, like Gecko) Chrome/91.0.4472.77 Safari/537.36"
 - - [08/Jul/2021:18:13:46 +0300] "GET /pilaru/items/search/ HTTP/1.0" 200 278423 "https://ssserver.cf/pilaru/orders/active/" "Mozilla/5.0 (Windows NT 10.0; WOW64) AppleWebKit/537.36 (KHTML, like Gecko) Chrome/91.0.4472.124 Safari/537.36"
 - - [08/Jul/2021:18:13:58 +0300] "GET /pilaru/items/search/ HTTP/1.0" 200 278423 "https://ssserver.cf/pilaru/items/search/" "Mozilla/5.0 (Windows NT 10.0; WOW64) AppleWebKit/537.36 (KHTML, like Gecko) Chrome/91.0.4472.124 Safari/537.36"
 - - [08/Jul/2021:18:17:17 +0300] "GET /pilaru/items/view/107 HTTP/1.0" 200 25452 "https://ssserver.cf/pilaru/items/search/" "Mozilla/5.0 (Windows NT 10.0; WOW64) AppleWebKit/537.36 (KHTML, like Gecko) Chrome/91.0.4472.124 Safari/537.36"
 - - [11/Jul/2021:19:29:07 +0300] "GET /pilaru/ HTTP/1.0" 302 0 "-" "Mozilla/5.0 (Windows NT 10.0; WOW64) AppleWebKit/537.36 (KHTML, like Gecko) Chrome/91.0.4472.124 Safari/537.36"
 - - [11/Jul/2021:19:29:08 +0300] "GET /pilaru/items/search/ HTTP/1.0" 200 278423 "-" "Mozilla/5.0 (Windows NT 10.0; WOW64) AppleWebKit/537.36 (KHTML, like Gecko) Chrome/91.0.4472.124 Safari/537.36"
 - - [11/Jul/2021:19:29:09 +0300] "GET /pilaru/ HTTP/1.0" 302 0 "https://www.google.com/" "Mozilla/5.0 (Windows NT 10.0; Win64; x64) AppleWebKit/537.36 (KHTML, like Gecko) Chrome/91.0.4472.77 Safari/537.36"
 - - [11/Jul/2021:19:29:10 +0300] "GET /pilaru/accounts/login/ HTTP/1.0" 200 4247 "-" "Mozilla/5.0 (Windows NT 10.0; Win64; x64) AppleWebKit/537.36 (KHTML, like Gecko) Chrome/91.0.4472.77 Safari/537.36"
 - - [11/Jul/2021:19:29:26 +0300] "GET /pilaru/orders/active/ HTTP/1.0" 200 20443 "https://ssserver.cf/pilaru/items/search/" "Mozilla/5.0 (Windows NT 10.0; WOW64) AppleWebKit/537.36 (KHTML, like Gecko) Chrome/91.0.4472.124 Safari/537.36"
 - - [11/Jul/2021:19:29:37 +0300] "GET /pilaru/items/search/ HTTP/1.0" 200 278423 "https://ssserver.cf/pilaru/orders/active/" "Mozilla/5.0 (Windows NT 10.0; WOW64) AppleWebKit/537.36 (KHTML, like Gecko) Chrome/91.0.4472.124 Safari/537.36"
 - - [11/Jul/2021:19:29:39 +0300] "GET /pilaru/items/view/1 HTTP/1.0" 200 27073 "https://ssserver.cf/pilaru/items/search/" "Mozilla/5.0 (Windows NT 10.0; WOW64) AppleWebKit/537.36 (KHTML, like Gecko) Chrome/91.0.4472.124 Safari/537.36"
 - - [11/Jul/2021:19:29:42 +0300] "POST /pilaru/orders/api/add_item_to_order HTTP/1.0" 200 15 "https://ssserver.cf/pilaru/items/view/1" "Mozilla/5.0 (Windows NT 10.0; WOW64) AppleWebKit/537.36 (KHTML, like Gecko) Chrome/91.0.4472.124 Safari/537.36"
 - - [11/Jul/2021:19:29:45 +0300] "GET /pilaru/orders/active/ HTTP/1.0" 200 22413 "https://ssserver.cf/pilaru/items/view/1" "Mozilla/5.0 (Windows NT 10.0; WOW64) AppleWebKit/537.36 (KHTML, like Gecko) Chrome/91.0.4472.124 Safari/537.36"
 - - [11/Jul/2021:19:29:46 +0300] "POST /pilaru/orders/api/close_order HTTP/1.0" 200 15 "https://ssserver.cf/pilaru/orders/active/" "Mozilla/5.0 (Windows NT 10.0; WOW64) AppleWebKit/537.36 (KHTML, like Gecko) Chrome/91.0.4472.124 Safari/537.36"
 - - [11/Jul/2021:19:29:47 +0300] "GET /pilaru/items/search/ HTTP/1.0" 200 278423 "https://ssserver.cf/pilaru/orders/active/" "Mozilla/5.0 (Windows NT 10.0; WOW64) AppleWebKit/537.36 (KHTML, like Gecko) Chrome/91.0.4472.124 Safari/537.36"
 - - [11/Jul/2021:19:29:50 +0300] "GET /pilaru/orders/active/ HTTP/1.0" 200 22413 "https://ssserver.cf/pilaru/items/search/" "Mozilla/5.0 (Windows NT 10.0; WOW64) AppleWebKit/537.36 (KHTML, like Gecko) Chrome/91.0.4472.124 Safari/537.36"
 - - [20/Jul/2021:00:08:30 +0300] "GET /pilaru/ HTTP/1.0" 302 0 "-" "Mozilla/5.0 (Windows NT 10.0; WOW64) AppleWebKit/537.36 (KHTML, like Gecko) Chrome/91.0.4472.164 Safari/537.36"
 - - [20/Jul/2021:00:08:30 +0300] "GET /pilaru/accounts/login/ HTTP/1.0" 200 4247 "-" "Mozilla/5.0 (Windows NT 10.0; WOW64) AppleWebKit/537.36 (KHTML, like Gecko) Chrome/91.0.4472.164 Safari/537.36"
Not Found: /pilaru/project/invite/4580992e-5205-4068-b151-7413a46507f0
 - - [20/Jul/2021:00:43:19 +0300] "GET /pilaru/project/invite/4580992e-5205-4068-b151-7413a46507f0 HTTP/1.0" 404 3089 "-" "Mozilla/5.0 (Windows NT 10.0; WOW64) AppleWebKit/537.36 (KHTML, like Gecko) Chrome/91.0.4472.164 Safari/537.36"
